Using pre-set license
Built from '2021.3/staging' branch; Version is '2021.3.16f1 (4016570cf34f) revision 4200023'; Using compiler version '192829333'; Build Type 'Release'
OS: 'Windows 11  (10.0.22621) 64bit Professional' Language: 'zh' Physical Memory: 16197 MB
BatchMode: 1, IsHumanControllingUs: 0, StartBugReporterOnCrash: 0, Is64bit: 1, IsPro: 1

COMMAND LINE ARGUMENTS:
D:\Unity\Editor\2021.3.16f1\Editor\Unity.exe
-adb2
-batchMode
-noUpm
-name
AssetImportWorker1
-projectPath
C:/Users/admin/Desktop/BUAA-Graduation-Project/HEAD-EYE-LAB
-logFile
Logs/AssetImportWorker1.log
-srvPort
64053
Successfully changed project path to: C:/Users/admin/Desktop/BUAA-Graduation-Project/HEAD-EYE-LAB
C:/Users/admin/Desktop/BUAA-Graduation-Project/HEAD-EYE-LAB
[UnityMemory] Configuration Parameters - Can be set up in boot.config
    "memorysetup-bucket-allocator-granularity=16"
    "memorysetup-bucket-allocator-bucket-count=8"
    "memorysetup-bucket-allocator-block-size=33554432"
    "memorysetup-bucket-allocator-block-count=8"
    "memorysetup-main-allocator-block-size=16777216"
    "memorysetup-thread-allocator-block-size=16777216"
    "memorysetup-gfx-main-allocator-block-size=16777216"
    "memorysetup-gfx-thread-allocator-block-size=16777216"
    "memorysetup-cache-allocator-block-size=4194304"
    "memorysetup-typetree-allocator-block-size=2097152"
    "memorysetup-profiler-bucket-allocator-granularity=16"
    "memorysetup-profiler-bucket-allocator-bucket-count=8"
    "memorysetup-profiler-bucket-allocator-block-size=33554432"
    "memorysetup-profiler-bucket-allocator-block-count=8"
    "memorysetup-profiler-allocator-block-size=16777216"
    "memorysetup-profiler-editor-allocator-block-size=1048576"
    "memorysetup-temp-allocator-size-main=16777216"
    "memorysetup-job-temp-allocator-block-size=2097152"
    "memorysetup-job-temp-allocator-block-size-background=1048576"
    "memorysetup-job-temp-allocator-reduction-small-platforms=262144"
    "memorysetup-temp-allocator-size-background-worker=32768"
    "memorysetup-temp-allocator-size-job-worker=262144"
    "memorysetup-temp-allocator-size-preload-manager=33554432"
    "memorysetup-temp-allocator-size-nav-mesh-worker=65536"
    "memorysetup-temp-allocator-size-audio-worker=65536"
    "memorysetup-temp-allocator-size-cloud-worker=32768"
    "memorysetup-temp-allocator-size-gi-baking-worker=262144"
    "memorysetup-temp-allocator-size-gfx=262144"
Player connection [22292] Host "[IP] 219.224.167.219 [Port] 0 [Flags] 2 [Guid] 2172261357 [EditorId] 2172261357 [Version] 1048832 [Id] WindowsEditor(7,DESKTOP-422NEEK) [Debug] 1 [PackageName] WindowsEditor [ProjectName] Editor" joined multi-casting on [225.0.0.222:54997]...

Player connection [22292] Host "[IP] 219.224.167.219 [Port] 0 [Flags] 2 [Guid] 2172261357 [EditorId] 2172261357 [Version] 1048832 [Id] WindowsEditor(7,DESKTOP-422NEEK) [Debug] 1 [PackageName] WindowsEditor [ProjectName] Editor" joined alternative multi-casting on [225.0.0.222:34997]...

Refreshing native plugins compatible for Editor in 78.27 ms, found 21 plugins.
Preloading 0 native plugins for Editor in 0.00 ms.
Initialize engine version: 2021.3.16f1 (4016570cf34f)
[Subsystems] Discovering subsystems at path D:/Unity/Editor/2021.3.16f1/Editor/Data/Resources/UnitySubsystems
[Subsystems] Discovering subsystems at path C:/Users/admin/Desktop/BUAA-Graduation-Project/HEAD-EYE-LAB/Assets
GfxDevice: creating device client; threaded=0; jobified=0
Direct3D:
    Version:  Direct3D 11.0 [level 11.1]
    Renderer: NVIDIA GeForce RTX 3080 (ID=0x2216)
    Vendor:   NVIDIA
    VRAM:     10078 MB
    Driver:   31.0.15.1694
Initialize mono
Mono path[0] = 'D:/Unity/Editor/2021.3.16f1/Editor/Data/Managed'
Mono path[1] = 'D:/Unity/Editor/2021.3.16f1/Editor/Data/MonoBleedingEdge/lib/mono/unityjit-win32'
Mono config path = 'D:/Unity/Editor/2021.3.16f1/Editor/Data/MonoBleedingEdge/etc'
Using monoOptions --debugger-agent=transport=dt_socket,embedding=1,server=y,suspend=n,address=127.0.0.1:56360
Begin MonoManager ReloadAssembly
Registering precompiled unity dll's ...
Register platform support module: D:/Unity/Editor/2021.3.16f1/Editor/Data/PlaybackEngines/AndroidPlayer/UnityEditor.Android.Extensions.dll
Register platform support module: D:/Unity/Editor/2021.3.16f1/Editor/Data/PlaybackEngines/WindowsStandaloneSupport/UnityEditor.WindowsStandalone.Extensions.dll
Register platform support module: D:/Unity/Editor/2021.3.16f1/Editor/Data/PlaybackEngines/MetroSupport/UnityEditor.UWP.Extensions.dll
Registered in 0.001600 seconds.
Native extension for UWP target not found
Native extension for WindowsStandalone target not found
Native extension for Android target not found
Refreshing native plugins compatible for Editor in 62.57 ms, found 21 plugins.
Preloading 0 native plugins for Editor in 0.00 ms.
Mono: successfully reloaded assembly
- Completed reload, in  0.465 seconds
Domain Reload Profiling:
	ReloadAssembly (466ms)
		BeginReloadAssembly (54ms)
			ExecutionOrderSort (0ms)
			DisableScriptedObjects (0ms)
			BackupInstance (0ms)
			ReleaseScriptingObjects (0ms)
			CreateAndSetChildDomain (0ms)
		EndReloadAssembly (338ms)
			LoadAssemblies (54ms)
			RebuildTransferFunctionScriptingTraits (0ms)
			SetupTypeCache (82ms)
			ReleaseScriptCaches (0ms)
			RebuildScriptCaches (17ms)
			SetupLoadedEditorAssemblies (204ms)
				LogAssemblyErrors (0ms)
				InitializePlatformSupportModulesInManaged (39ms)
				SetLoadedEditorAssemblies (0ms)
				RefreshPlugins (63ms)
				BeforeProcessingInitializeOnLoad (1ms)
				ProcessInitializeOnLoadAttributes (68ms)
				ProcessInitializeOnLoadMethodAttributes (34ms)
				AfterProcessingInitializeOnLoad (0ms)
				EditorAssembliesLoaded (0ms)
			ExecutionOrderSort2 (0ms)
			AwakeInstancesAfterBackupRestoration (0ms)
Platform modules already initialized, skipping
Registering precompiled user dll's ...
Registered in 0.005112 seconds.
Begin MonoManager ReloadAssembly
Symbol file LoadedFromMemory doesn't match image C:\Users\admin\Desktop\BUAA-Graduation-Project\HEAD-EYE-LAB\Library\PackageCache\com.unity.visualscripting@1.7.8\Editor\VisualScripting.Core\Dependencies\DotNetZip\Unity.VisualScripting.IonicZip.dll
Symbol file LoadedFromMemory doesn't match image C:\Users\admin\Desktop\BUAA-Graduation-Project\HEAD-EYE-LAB\Library\PackageCache\com.unity.visualscripting@1.7.8\Editor\VisualScripting.Core\Dependencies\YamlDotNet\Unity.VisualScripting.YamlDotNet.dll
Native extension for UWP target not found
Native extension for WindowsStandalone target not found
Native extension for Android target not found
Refreshing native plugins compatible for Editor in 60.19 ms, found 21 plugins.
Preloading 0 native plugins for Editor in 0.00 ms.
Package Manager log level set to [2]
Wave.XR.ViveWaveController InitializeInPlayer() WVR_CR_Left_001
UnityEngine.StackTraceUtility:ExtractStackTrace ()
UnityEngine.DebugLogHandler:LogFormat (UnityEngine.LogType,UnityEngine.Object,string,object[])
UnityEngine.Logger:Log (UnityEngine.LogType,object)
UnityEngine.Debug:Log (object)
Wave.XR.ViveWaveController:DEBUG (string) (at Library/PackageCache/com.htc.upm.wave.xrsdk@5.1.1-r.4/Runtime/ViveWaveController.cs:33)
Wave.XR.ViveWaveController:InitializeInPlayer () (at Library/PackageCache/com.htc.upm.wave.xrsdk@5.1.1-r.4/Runtime/ViveWaveController.cs:54)
Wave.XR.ViveWaveController:.cctor () (at Library/PackageCache/com.htc.upm.wave.xrsdk@5.1.1-r.4/Runtime/ViveWaveController.cs:47)
System.Runtime.CompilerServices.RuntimeHelpers:RunClassConstructor (System.RuntimeTypeHandle)
UnityEditor.EditorAssemblies:ProcessInitializeOnLoadAttributes (System.Type[])

(Filename: Library/PackageCache/com.htc.upm.wave.xrsdk@5.1.1-r.4/Runtime/ViveWaveController.cs Line: 33)

Wave.XR.ViveWaveController InitializeInPlayer() WVR_CR_Right_001
UnityEngine.StackTraceUtility:ExtractStackTrace ()
UnityEngine.DebugLogHandler:LogFormat (UnityEngine.LogType,UnityEngine.Object,string,object[])
UnityEngine.Logger:Log (UnityEngine.LogType,object)
UnityEngine.Debug:Log (object)
Wave.XR.ViveWaveController:DEBUG (string) (at Library/PackageCache/com.htc.upm.wave.xrsdk@5.1.1-r.4/Runtime/ViveWaveController.cs:33)
Wave.XR.ViveWaveController:InitializeInPlayer () (at Library/PackageCache/com.htc.upm.wave.xrsdk@5.1.1-r.4/Runtime/ViveWaveController.cs:62)
Wave.XR.ViveWaveController:.cctor () (at Library/PackageCache/com.htc.upm.wave.xrsdk@5.1.1-r.4/Runtime/ViveWaveController.cs:47)
System.Runtime.CompilerServices.RuntimeHelpers:RunClassConstructor (System.RuntimeTypeHandle)
UnityEditor.EditorAssemblies:ProcessInitializeOnLoadAttributes (System.Type[])

(Filename: Library/PackageCache/com.htc.upm.wave.xrsdk@5.1.1-r.4/Runtime/ViveWaveController.cs Line: 33)

Wave.XR.ViveWaveEyeGaze ctor()
UnityEngine.StackTraceUtility:ExtractStackTrace ()
UnityEngine.DebugLogHandler:LogFormat (UnityEngine.LogType,UnityEngine.Object,string,object[])
UnityEngine.Logger:Log (UnityEngine.LogType,object)
UnityEngine.Debug:Log (object)
Wave.XR.ViveWaveEyeGaze:DEBUG (string) (at Library/PackageCache/com.htc.upm.wave.xrsdk@5.1.1-r.4/Runtime/ViveWaveEyeGaze.cs:55)
Wave.XR.ViveWaveEyeGaze:.cctor () (at Library/PackageCache/com.htc.upm.wave.xrsdk@5.1.1-r.4/Runtime/ViveWaveEyeGaze.cs:65)
System.Runtime.CompilerServices.RuntimeHelpers:RunClassConstructor (System.RuntimeTypeHandle)
UnityEditor.EditorAssemblies:ProcessInitializeOnLoadAttributes (System.Type[])

(Filename: Library/PackageCache/com.htc.upm.wave.xrsdk@5.1.1-r.4/Runtime/ViveWaveEyeGaze.cs Line: 55)

Wave.XR.ViveWaveEyeGaze Initialize() RegisterLayout with interface Eye Gaze
UnityEngine.StackTraceUtility:ExtractStackTrace ()
UnityEngine.DebugLogHandler:LogFormat (UnityEngine.LogType,UnityEngine.Object,string,object[])
UnityEngine.Logger:Log (UnityEngine.LogType,object)
UnityEngine.Debug:Log (object)
Wave.XR.ViveWaveEyeGaze:DEBUG (string) (at Library/PackageCache/com.htc.upm.wave.xrsdk@5.1.1-r.4/Runtime/ViveWaveEyeGaze.cs:55)
Wave.XR.ViveWaveEyeGaze:Initialize () (at Library/PackageCache/com.htc.upm.wave.xrsdk@5.1.1-r.4/Runtime/ViveWaveEyeGaze.cs:73)
Wave.XR.ViveWaveEyeGaze:.cctor () (at Library/PackageCache/com.htc.upm.wave.xrsdk@5.1.1-r.4/Runtime/ViveWaveEyeGaze.cs:66)
System.Runtime.CompilerServices.RuntimeHelpers:RunClassConstructor (System.RuntimeTypeHandle)
UnityEditor.EditorAssemblies:ProcessInitializeOnLoadAttributes (System.Type[])

(Filename: Library/PackageCache/com.htc.upm.wave.xrsdk@5.1.1-r.4/Runtime/ViveWaveEyeGaze.cs Line: 55)

Wave.XR.ViveWaveEyeGaze Initialize() Adds a ViveWaveEyeGaze device.
UnityEngine.StackTraceUtility:ExtractStackTrace ()
UnityEngine.DebugLogHandler:LogFormat (UnityEngine.LogType,UnityEngine.Object,string,object[])
UnityEngine.Logger:Log (UnityEngine.LogType,object)
UnityEngine.Debug:Log (object)
Wave.XR.ViveWaveEyeGaze:DEBUG (string) (at Library/PackageCache/com.htc.upm.wave.xrsdk@5.1.1-r.4/Runtime/ViveWaveEyeGaze.cs:55)
Wave.XR.ViveWaveEyeGaze:Initialize () (at Library/PackageCache/com.htc.upm.wave.xrsdk@5.1.1-r.4/Runtime/ViveWaveEyeGaze.cs:88)
Wave.XR.ViveWaveEyeGaze:.cctor () (at Library/PackageCache/com.htc.upm.wave.xrsdk@5.1.1-r.4/Runtime/ViveWaveEyeGaze.cs:66)
System.Runtime.CompilerServices.RuntimeHelpers:RunClassConstructor (System.RuntimeTypeHandle)
UnityEditor.EditorAssemblies:ProcessInitializeOnLoadAttributes (System.Type[])

(Filename: Library/PackageCache/com.htc.upm.wave.xrsdk@5.1.1-r.4/Runtime/ViveWaveEyeGaze.cs Line: 55)

Wave.XR.ViveWaveHMD InitializeInPlayer()
UnityEngine.StackTraceUtility:ExtractStackTrace ()
UnityEngine.DebugLogHandler:LogFormat (UnityEngine.LogType,UnityEngine.Object,string,object[])
UnityEngine.Logger:Log (UnityEngine.LogType,object)
UnityEngine.Debug:Log (object)
Wave.XR.ViveWaveHMD:DEBUG (string) (at Library/PackageCache/com.htc.upm.wave.xrsdk@5.1.1-r.4/Runtime/ViveWaveHMD.cs:33)
Wave.XR.ViveWaveHMD:InitializeInPlayer () (at Library/PackageCache/com.htc.upm.wave.xrsdk@5.1.1-r.4/Runtime/ViveWaveHMD.cs:55)
Wave.XR.ViveWaveHMD:.cctor () (at Library/PackageCache/com.htc.upm.wave.xrsdk@5.1.1-r.4/Runtime/ViveWaveHMD.cs:48)
System.Runtime.CompilerServices.RuntimeHelpers:RunClassConstructor (System.RuntimeTypeHandle)
UnityEditor.EditorAssemblies:ProcessInitializeOnLoadAttributes (System.Type[])

(Filename: Library/PackageCache/com.htc.upm.wave.xrsdk@5.1.1-r.4/Runtime/ViveWaveHMD.cs Line: 33)

Wave.XR.ViveWaveWristTracker Initialize() RegisterLayout with interface Wrist Tracker
UnityEngine.StackTraceUtility:ExtractStackTrace ()
UnityEngine.DebugLogHandler:LogFormat (UnityEngine.LogType,UnityEngine.Object,string,object[])
UnityEngine.Logger:Log (UnityEngine.LogType,object)
UnityEngine.Debug:Log (object)
Wave.XR.ViveWaveWristTracker:DEBUG (string) (at Library/PackageCache/com.htc.upm.wave.xrsdk@5.1.1-r.4/Runtime/ViveWaveWristTracker.cs:59)
Wave.XR.ViveWaveWristTracker:Initialize () (at Library/PackageCache/com.htc.upm.wave.xrsdk@5.1.1-r.4/Runtime/ViveWaveWristTracker.cs:82)
Wave.XR.ViveWaveWristTracker:.cctor () (at Library/PackageCache/com.htc.upm.wave.xrsdk@5.1.1-r.4/Runtime/ViveWaveWristTracker.cs:75)
System.Runtime.CompilerServices.RuntimeHelpers:RunClassConstructor (System.RuntimeTypeHandle)
UnityEditor.EditorAssemblies:ProcessInitializeOnLoadAttributes (System.Type[])

(Filename: Library/PackageCache/com.htc.upm.wave.xrsdk@5.1.1-r.4/Runtime/ViveWaveWristTracker.cs Line: 59)

Wave.XR.ViveWaveWristTracker Initialize() Adds right ViveWaveWristTracker device Wave Tracker0
UnityEngine.StackTraceUtility:ExtractStackTrace ()
UnityEngine.DebugLogHandler:LogFormat (UnityEngine.LogType,UnityEngine.Object,string,object[])
UnityEngine.Logger:Log (UnityEngine.LogType,object)
UnityEngine.Debug:Log (object)
Wave.XR.ViveWaveWristTracker:DEBUG (string) (at Library/PackageCache/com.htc.upm.wave.xrsdk@5.1.1-r.4/Runtime/ViveWaveWristTracker.cs:59)
Wave.XR.ViveWaveWristTracker:Initialize () (at Library/PackageCache/com.htc.upm.wave.xrsdk@5.1.1-r.4/Runtime/ViveWaveWristTracker.cs:97)
Wave.XR.ViveWaveWristTracker:.cctor () (at Library/PackageCache/com.htc.upm.wave.xrsdk@5.1.1-r.4/Runtime/ViveWaveWristTracker.cs:75)
System.Runtime.CompilerServices.RuntimeHelpers:RunClassConstructor (System.RuntimeTypeHandle)
UnityEditor.EditorAssemblies:ProcessInitializeOnLoadAttributes (System.Type[])

(Filename: Library/PackageCache/com.htc.upm.wave.xrsdk@5.1.1-r.4/Runtime/ViveWaveWristTracker.cs Line: 59)

Wave.XR.ViveWaveWristTracker FinishSetup() deviceId: 0, IsLeft: False, interfaceName: Wrist Tracker, product: Wave Tracker0, serial: HTC-211012-Tracker0
UnityEngine.StackTraceUtility:ExtractStackTrace ()
UnityEngine.DebugLogHandler:LogFormat (UnityEngine.LogType,UnityEngine.Object,string,object[])
UnityEngine.Logger:Log (UnityEngine.LogType,object)
UnityEngine.Debug:Log (object)
Wave.XR.ViveWaveWristTracker:DEBUG (string) (at Library/PackageCache/com.htc.upm.wave.xrsdk@5.1.1-r.4/Runtime/ViveWaveWristTracker.cs:59)
Wave.XR.ViveWaveWristTracker:FinishSetup () (at Library/PackageCache/com.htc.upm.wave.xrsdk@5.1.1-r.4/Runtime/ViveWaveWristTracker.cs:133)
UnityEngine.InputSystem.InputControl:CallFinishSetupRecursive () (at Library/PackageCache/com.unity.inputsystem@1.4.4/InputSystem/Controls/InputControl.cs:937)
UnityEngine.InputSystem.Layouts.InputDeviceBuilder:Setup (UnityEngine.InputSystem.Utilities.InternedString,UnityEngine.InputSystem.Utilities.InternedString,UnityEngine.InputSystem.Layouts.InputDeviceDescription) (at Library/PackageCache/com.unity.inputsystem@1.4.4/InputSystem/Devices/InputDeviceBuilder.cs:60)
UnityEngine.InputSystem.InputDevice:Build<UnityEngine.InputSystem.InputDevice> (string,string,UnityEngine.InputSystem.Layouts.InputDeviceDescription,bool) (at Library/PackageCache/com.unity.inputsystem@1.4.4/InputSystem/Devices/InputDevice.cs:898)
UnityEngine.InputSystem.InputManager:AddDevice (UnityEngine.InputSystem.Utilities.InternedString,int,string,UnityEngine.InputSystem.Layouts.InputDeviceDescription,UnityEngine.InputSystem.InputDevice/DeviceFlags,UnityEngine.InputSystem.Utilities.InternedString) (at Library/PackageCache/com.unity.inputsystem@1.4.4/InputSystem/InputManager.cs:1062)
UnityEngine.InputSystem.InputManager:AddDevice (UnityEngine.InputSystem.Layouts.InputDeviceDescription,bool,string,int,UnityEngine.InputSystem.InputDevice/DeviceFlags) (at Library/PackageCache/com.unity.inputsystem@1.4.4/InputSystem/InputManager.cs:1220)
UnityEngine.InputSystem.InputManager:AddDevice (UnityEngine.InputSystem.Layouts.InputDeviceDescription) (at Library/PackageCache/com.unity.inputsystem@1.4.4/InputSystem/InputManager.cs:1193)
UnityEngine.InputSystem.InputSystem:AddDevice (UnityEngine.InputSystem.Layouts.InputDeviceDescription) (at Library/PackageCache/com.unity.inputsystem@1.4.4/InputSystem/InputSystem.cs:1491)
Wave.XR.ViveWaveWristTracker:Initialize () (at Library/PackageCache/com.htc.upm.wave.xrsdk@5.1.1-r.4/Runtime/ViveWaveWristTracker.cs:98)
Wave.XR.ViveWaveWristTracker:.cctor () (at Library/PackageCache/com.htc.upm.wave.xrsdk@5.1.1-r.4/Runtime/ViveWaveWristTracker.cs:75)
System.Runtime.CompilerServices.RuntimeHelpers:RunClassConstructor (System.RuntimeTypeHandle)
UnityEditor.EditorAssemblies:ProcessInitializeOnLoadAttributes (System.Type[])

(Filename: Library/PackageCache/com.htc.upm.wave.xrsdk@5.1.1-r.4/Runtime/ViveWaveWristTracker.cs Line: 59)

Wave.XR.ViveWaveWristTracker Initialize() Adds left ViveWaveWristTracker device Wave Tracker1
UnityEngine.StackTraceUtility:ExtractStackTrace ()
UnityEngine.DebugLogHandler:LogFormat (UnityEngine.LogType,UnityEngine.Object,string,object[])
UnityEngine.Logger:Log (UnityEngine.LogType,object)
UnityEngine.Debug:Log (object)
Wave.XR.ViveWaveWristTracker:DEBUG (string) (at Library/PackageCache/com.htc.upm.wave.xrsdk@5.1.1-r.4/Runtime/ViveWaveWristTracker.cs:59)
Wave.XR.ViveWaveWristTracker:Initialize () (at Library/PackageCache/com.htc.upm.wave.xrsdk@5.1.1-r.4/Runtime/ViveWaveWristTracker.cs:101)
Wave.XR.ViveWaveWristTracker:.cctor () (at Library/PackageCache/com.htc.upm.wave.xrsdk@5.1.1-r.4/Runtime/ViveWaveWristTracker.cs:75)
System.Runtime.CompilerServices.RuntimeHelpers:RunClassConstructor (System.RuntimeTypeHandle)
UnityEditor.EditorAssemblies:ProcessInitializeOnLoadAttributes (System.Type[])

(Filename: Library/PackageCache/com.htc.upm.wave.xrsdk@5.1.1-r.4/Runtime/ViveWaveWristTracker.cs Line: 59)

Wave.XR.ViveWaveWristTracker FinishSetup() deviceId: 0, IsLeft: True, interfaceName: Wrist Tracker, product: Wave Tracker1, serial: HTC-211012-Tracker1
UnityEngine.StackTraceUtility:ExtractStackTrace ()
UnityEngine.DebugLogHandler:LogFormat (UnityEngine.LogType,UnityEngine.Object,string,object[])
UnityEngine.Logger:Log (UnityEngine.LogType,object)
UnityEngine.Debug:Log (object)
Wave.XR.ViveWaveWristTracker:DEBUG (string) (at Library/PackageCache/com.htc.upm.wave.xrsdk@5.1.1-r.4/Runtime/ViveWaveWristTracker.cs:59)
Wave.XR.ViveWaveWristTracker:FinishSetup () (at Library/PackageCache/com.htc.upm.wave.xrsdk@5.1.1-r.4/Runtime/ViveWaveWristTracker.cs:133)
UnityEngine.InputSystem.InputControl:CallFinishSetupRecursive () (at Library/PackageCache/com.unity.inputsystem@1.4.4/InputSystem/Controls/InputControl.cs:937)
UnityEngine.InputSystem.Layouts.InputDeviceBuilder:Setup (UnityEngine.InputSystem.Utilities.InternedString,UnityEngine.InputSystem.Utilities.InternedString,UnityEngine.InputSystem.Layouts.InputDeviceDescription) (at Library/PackageCache/com.unity.inputsystem@1.4.4/InputSystem/Devices/InputDeviceBuilder.cs:60)
UnityEngine.InputSystem.InputDevice:Build<UnityEngine.InputSystem.InputDevice> (string,string,UnityEngine.InputSystem.Layouts.InputDeviceDescription,bool) (at Library/PackageCache/com.unity.inputsystem@1.4.4/InputSystem/Devices/InputDevice.cs:898)
UnityEngine.InputSystem.InputManager:AddDevice (UnityEngine.InputSystem.Utilities.InternedString,int,string,UnityEngine.InputSystem.Layouts.InputDeviceDescription,UnityEngine.InputSystem.InputDevice/DeviceFlags,UnityEngine.InputSystem.Utilities.InternedString) (at Library/PackageCache/com.unity.inputsystem@1.4.4/InputSystem/InputManager.cs:1062)
UnityEngine.InputSystem.InputManager:AddDevice (UnityEngine.InputSystem.Layouts.InputDeviceDescription,bool,string,int,UnityEngine.InputSystem.InputDevice/DeviceFlags) (at Library/PackageCache/com.unity.inputsystem@1.4.4/InputSystem/InputManager.cs:1220)
UnityEngine.InputSystem.InputManager:AddDevice (UnityEngine.InputSystem.Layouts.InputDeviceDescription) (at Library/PackageCache/com.unity.inputsystem@1.4.4/InputSystem/InputManager.cs:1193)
UnityEngine.InputSystem.InputSystem:AddDevice (UnityEngine.InputSystem.Layouts.InputDeviceDescription) (at Library/PackageCache/com.unity.inputsystem@1.4.4/InputSystem/InputSystem.cs:1491)
Wave.XR.ViveWaveWristTracker:Initialize () (at Library/PackageCache/com.htc.upm.wave.xrsdk@5.1.1-r.4/Runtime/ViveWaveWristTracker.cs:102)
Wave.XR.ViveWaveWristTracker:.cctor () (at Library/PackageCache/com.htc.upm.wave.xrsdk@5.1.1-r.4/Runtime/ViveWaveWristTracker.cs:75)
System.Runtime.CompilerServices.RuntimeHelpers:RunClassConstructor (System.RuntimeTypeHandle)
UnityEditor.EditorAssemblies:ProcessInitializeOnLoadAttributes (System.Type[])

(Filename: Library/PackageCache/com.htc.upm.wave.xrsdk@5.1.1-r.4/Runtime/ViveWaveWristTracker.cs Line: 59)

InteractionModeManagerSettings() registered EditorSceneManager.sceneOpened.
UnityEngine.StackTraceUtility:ExtractStackTrace ()
UnityEngine.DebugLogHandler:LogFormat (UnityEngine.LogType,UnityEngine.Object,string,object[])
UnityEngine.Logger:Log (UnityEngine.LogType,object)
UnityEngine.Debug:Log (object)
Wave.Essence.Interaction.Mode.Editor.InteractionModeManagerSettings:.cctor () (at Assets/Wave/Essence/Interaction/Mode/5.1.1-r.4/Editor/InteractionModeManagerEditor.cs:57)
System.Runtime.CompilerServices.RuntimeHelpers:RunClassConstructor (System.RuntimeTypeHandle)
UnityEditor.EditorAssemblies:ProcessInitializeOnLoadAttributes (System.Type[])

(Filename: Assets/Wave/Essence/Interaction/Mode/5.1.1-r.4/Editor/InteractionModeManagerEditor.cs Line: 57)

PackageInfo()
UnityEngine.StackTraceUtility:ExtractStackTrace ()
UnityEngine.DebugLogHandler:LogFormat (UnityEngine.LogType,UnityEngine.Object,string,object[])
UnityEngine.Logger:Log (UnityEngine.LogType,object)
UnityEngine.Debug:Log (object)
Wave.Essence.Editor.PackageInfo:.cctor () (at Library/PackageCache/com.htc.upm.wave.essence@5.1.1-r.4/Editor/EssenceSettingsProvider.cs:866)
System.Runtime.CompilerServices.RuntimeHelpers:RunClassConstructor (System.RuntimeTypeHandle)
UnityEditor.EditorAssemblies:ProcessInitializeOnLoadAttributes (System.Type[])

(Filename: Library/PackageCache/com.htc.upm.wave.essence@5.1.1-r.4/Editor/EssenceSettingsProvider.cs Line: 866)

Mono: successfully reloaded assembly
- Completed reload, in  0.935 seconds
Domain Reload Profiling:
	ReloadAssembly (936ms)
		BeginReloadAssembly (167ms)
			ExecutionOrderSort (0ms)
			DisableScriptedObjects (4ms)
			BackupInstance (0ms)
			ReleaseScriptingObjects (0ms)
			CreateAndSetChildDomain (118ms)
		EndReloadAssembly (697ms)
			LoadAssemblies (49ms)
			RebuildTransferFunctionScriptingTraits (0ms)
			SetupTypeCache (193ms)
			ReleaseScriptCaches (0ms)
			RebuildScriptCaches (40ms)
			SetupLoadedEditorAssemblies (372ms)
				LogAssemblyErrors (0ms)
				InitializePlatformSupportModulesInManaged (8ms)
				SetLoadedEditorAssemblies (0ms)
				RefreshPlugins (60ms)
				BeforeProcessingInitializeOnLoad (58ms)
				ProcessInitializeOnLoadAttributes (229ms)
				ProcessInitializeOnLoadMethodAttributes (16ms)
				AfterProcessingInitializeOnLoad (1ms)
				EditorAssembliesLoaded (0ms)
			ExecutionOrderSort2 (0ms)
			AwakeInstancesAfterBackupRestoration (3ms)
Platform modules already initialized, skipping
========================================================================
Worker process is ready to serve import requests
Launched and connected shader compiler UnityShaderCompiler.exe after 0.03 seconds
Refreshing native plugins compatible for Editor in 0.88 ms, found 21 plugins.
Preloading 0 native plugins for Editor in 0.00 ms.
Unloading 4490 Unused Serialized files (Serialized files now loaded: 0)
Unloading 59 unused Assets / (57.1 KB). Loaded Objects now: 4964.
Memory consumption went from 254.1 MB to 254.0 MB.
Total: 2.545700 ms (FindLiveObjects: 0.219800 ms CreateObjectMapping: 0.108300 ms MarkObjects: 2.140100 ms  DeleteObjects: 0.076600 ms)

AssetImportParameters requested are different than current active one (requested -> active):
  custom:video-decoder-ogg-theora: a1e56fd34408186e4bbccfd4996cb3dc -> 
  custom:container-muxer-webm: aa71ff27fc2769a1b78a27578f13a17b -> 
  custom:container-demuxer-webm: 4f35f7cbe854078d1ac9338744f61a02 -> 
  custom:video-encoder-webm-vp8: eb34c28f22e8b96e1ab97ce403110664 -> 
  custom:audio-encoder-webm-vorbis: bf7c407c2cedff20999df2af8eb42d56 -> 
  custom:framework-win-MediaFoundation: 216162199b28c13a410421893ffa2e32 -> 
  custom:container-demuxer-ogg: 62fdf1f143b41e24485cea50d1cbac27 -> 
  custom:video-decoder-webm-vp8: 9c59270c3fd7afecdb556c50c9e8de78 -> 
  custom:audio-decoder-ogg-vorbis: bf7c407c2cedff20999df2af8eb42d56 -> 
========================================================================
Received Import Request.
  Time since last request: 168805.594505 seconds.
  path: Assets/XR/Settings/OpenXR Package Settings.asset
  artifactKey: Guid(2113d8d998ad20145b66d41175b95b89) Importer(815301076,1909f56bfc062723c751e8b465ee728b)
Start importing Assets/XR/Settings/OpenXR Package Settings.asset using Guid(2113d8d998ad20145b66d41175b95b89) Importer(815301076,1909f56bfc062723c751e8b465ee728b)  -> (artifact id: 'ef2329e5c97c56168cfb8f5c552f870f') in 0.029089 seconds 
========================================================================
Received Import Request.
  Time since last request: 0.000018 seconds.
  path: Assets/Samples/VIVE Wave XR Plugin/5.1.1-r.4/PureUnity/Common/Meshes/WaveGazeSprite.asset
  artifactKey: Guid(611b5009ca74ef749a5b44941b04d36a) Importer(815301076,1909f56bfc062723c751e8b465ee728b)
Start importing Assets/Samples/VIVE Wave XR Plugin/5.1.1-r.4/PureUnity/Common/Meshes/WaveGazeSprite.asset using Guid(611b5009ca74ef749a5b44941b04d36a) Importer(815301076,1909f56bfc062723c751e8b465ee728b)  -> (artifact id: 'ba6404b2a7f5277266e94e6bc45b68a3') in 0.066198 seconds 
========================================================================
Received Prepare
Registering precompiled user dll's ...
Registered in 0.006088 seconds.
Begin MonoManager ReloadAssembly
Symbol file LoadedFromMemory doesn't match image C:\Users\admin\Desktop\BUAA-Graduation-Project\HEAD-EYE-LAB\Library\PackageCache\com.unity.visualscripting@1.7.8\Editor\VisualScripting.Core\Dependencies\DotNetZip\Unity.VisualScripting.IonicZip.dll
Symbol file LoadedFromMemory doesn't match image C:\Users\admin\Desktop\BUAA-Graduation-Project\HEAD-EYE-LAB\Library\PackageCache\com.unity.visualscripting@1.7.8\Editor\VisualScripting.Core\Dependencies\YamlDotNet\Unity.VisualScripting.YamlDotNet.dll
Native extension for UWP target not found
Native extension for WindowsStandalone target not found
Native extension for Android target not found
Refreshing native plugins compatible for Editor in 0.82 ms, found 21 plugins.
Preloading 0 native plugins for Editor in 0.00 ms.
Wave.XR.ViveWaveController InitializeInPlayer() WVR_CR_Left_001
UnityEngine.StackTraceUtility:ExtractStackTrace ()
UnityEngine.DebugLogHandler:LogFormat (UnityEngine.LogType,UnityEngine.Object,string,object[])
UnityEngine.Logger:Log (UnityEngine.LogType,object)
UnityEngine.Debug:Log (object)
Wave.XR.ViveWaveController:DEBUG (string) (at Library/PackageCache/com.htc.upm.wave.xrsdk@5.1.1-r.4/Runtime/ViveWaveController.cs:33)
Wave.XR.ViveWaveController:InitializeInPlayer () (at Library/PackageCache/com.htc.upm.wave.xrsdk@5.1.1-r.4/Runtime/ViveWaveController.cs:54)
Wave.XR.ViveWaveController:.cctor () (at Library/PackageCache/com.htc.upm.wave.xrsdk@5.1.1-r.4/Runtime/ViveWaveController.cs:47)
System.Runtime.CompilerServices.RuntimeHelpers:RunClassConstructor (System.RuntimeTypeHandle)
UnityEditor.EditorAssemblies:ProcessInitializeOnLoadAttributes (System.Type[])

(Filename: Library/PackageCache/com.htc.upm.wave.xrsdk@5.1.1-r.4/Runtime/ViveWaveController.cs Line: 33)

Wave.XR.ViveWaveController InitializeInPlayer() WVR_CR_Right_001
UnityEngine.StackTraceUtility:ExtractStackTrace ()
UnityEngine.DebugLogHandler:LogFormat (UnityEngine.LogType,UnityEngine.Object,string,object[])
UnityEngine.Logger:Log (UnityEngine.LogType,object)
UnityEngine.Debug:Log (object)
Wave.XR.ViveWaveController:DEBUG (string) (at Library/PackageCache/com.htc.upm.wave.xrsdk@5.1.1-r.4/Runtime/ViveWaveController.cs:33)
Wave.XR.ViveWaveController:InitializeInPlayer () (at Library/PackageCache/com.htc.upm.wave.xrsdk@5.1.1-r.4/Runtime/ViveWaveController.cs:62)
Wave.XR.ViveWaveController:.cctor () (at Library/PackageCache/com.htc.upm.wave.xrsdk@5.1.1-r.4/Runtime/ViveWaveController.cs:47)
System.Runtime.CompilerServices.RuntimeHelpers:RunClassConstructor (System.RuntimeTypeHandle)
UnityEditor.EditorAssemblies:ProcessInitializeOnLoadAttributes (System.Type[])

(Filename: Library/PackageCache/com.htc.upm.wave.xrsdk@5.1.1-r.4/Runtime/ViveWaveController.cs Line: 33)

Wave.XR.ViveWaveEyeGaze ctor()
UnityEngine.StackTraceUtility:ExtractStackTrace ()
UnityEngine.DebugLogHandler:LogFormat (UnityEngine.LogType,UnityEngine.Object,string,object[])
UnityEngine.Logger:Log (UnityEngine.LogType,object)
UnityEngine.Debug:Log (object)
Wave.XR.ViveWaveEyeGaze:DEBUG (string) (at Library/PackageCache/com.htc.upm.wave.xrsdk@5.1.1-r.4/Runtime/ViveWaveEyeGaze.cs:55)
Wave.XR.ViveWaveEyeGaze:.cctor () (at Library/PackageCache/com.htc.upm.wave.xrsdk@5.1.1-r.4/Runtime/ViveWaveEyeGaze.cs:65)
System.Runtime.CompilerServices.RuntimeHelpers:RunClassConstructor (System.RuntimeTypeHandle)
UnityEditor.EditorAssemblies:ProcessInitializeOnLoadAttributes (System.Type[])

(Filename: Library/PackageCache/com.htc.upm.wave.xrsdk@5.1.1-r.4/Runtime/ViveWaveEyeGaze.cs Line: 55)

Wave.XR.ViveWaveEyeGaze Initialize() RegisterLayout with interface Eye Gaze
UnityEngine.StackTraceUtility:ExtractStackTrace ()
UnityEngine.DebugLogHandler:LogFormat (UnityEngine.LogType,UnityEngine.Object,string,object[])
UnityEngine.Logger:Log (UnityEngine.LogType,object)
UnityEngine.Debug:Log (object)
Wave.XR.ViveWaveEyeGaze:DEBUG (string) (at Library/PackageCache/com.htc.upm.wave.xrsdk@5.1.1-r.4/Runtime/ViveWaveEyeGaze.cs:55)
Wave.XR.ViveWaveEyeGaze:Initialize () (at Library/PackageCache/com.htc.upm.wave.xrsdk@5.1.1-r.4/Runtime/ViveWaveEyeGaze.cs:73)
Wave.XR.ViveWaveEyeGaze:.cctor () (at Library/PackageCache/com.htc.upm.wave.xrsdk@5.1.1-r.4/Runtime/ViveWaveEyeGaze.cs:66)
System.Runtime.CompilerServices.RuntimeHelpers:RunClassConstructor (System.RuntimeTypeHandle)
UnityEditor.EditorAssemblies:ProcessInitializeOnLoadAttributes (System.Type[])

(Filename: Library/PackageCache/com.htc.upm.wave.xrsdk@5.1.1-r.4/Runtime/ViveWaveEyeGaze.cs Line: 55)

Wave.XR.ViveWaveEyeGaze Initialize() Removes a ViveWaveEyeGaze device.
UnityEngine.StackTraceUtility:ExtractStackTrace ()
UnityEngine.DebugLogHandler:LogFormat (UnityEngine.LogType,UnityEngine.Object,string,object[])
UnityEngine.Logger:Log (UnityEngine.LogType,object)
UnityEngine.Debug:Log (object)
Wave.XR.ViveWaveEyeGaze:DEBUG (string) (at Library/PackageCache/com.htc.upm.wave.xrsdk@5.1.1-r.4/Runtime/ViveWaveEyeGaze.cs:55)
Wave.XR.ViveWaveEyeGaze:Initialize () (at Library/PackageCache/com.htc.upm.wave.xrsdk@5.1.1-r.4/Runtime/ViveWaveEyeGaze.cs:83)
Wave.XR.ViveWaveEyeGaze:.cctor () (at Library/PackageCache/com.htc.upm.wave.xrsdk@5.1.1-r.4/Runtime/ViveWaveEyeGaze.cs:66)
System.Runtime.CompilerServices.RuntimeHelpers:RunClassConstructor (System.RuntimeTypeHandle)
UnityEditor.EditorAssemblies:ProcessInitializeOnLoadAttributes (System.Type[])

(Filename: Library/PackageCache/com.htc.upm.wave.xrsdk@5.1.1-r.4/Runtime/ViveWaveEyeGaze.cs Line: 55)

Wave.XR.ViveWaveEyeGaze Initialize() Adds a ViveWaveEyeGaze device.
UnityEngine.StackTraceUtility:ExtractStackTrace ()
UnityEngine.DebugLogHandler:LogFormat (UnityEngine.LogType,UnityEngine.Object,string,object[])
UnityEngine.Logger:Log (UnityEngine.LogType,object)
UnityEngine.Debug:Log (object)
Wave.XR.ViveWaveEyeGaze:DEBUG (string) (at Library/PackageCache/com.htc.upm.wave.xrsdk@5.1.1-r.4/Runtime/ViveWaveEyeGaze.cs:55)
Wave.XR.ViveWaveEyeGaze:Initialize () (at Library/PackageCache/com.htc.upm.wave.xrsdk@5.1.1-r.4/Runtime/ViveWaveEyeGaze.cs:88)
Wave.XR.ViveWaveEyeGaze:.cctor () (at Library/PackageCache/com.htc.upm.wave.xrsdk@5.1.1-r.4/Runtime/ViveWaveEyeGaze.cs:66)
System.Runtime.CompilerServices.RuntimeHelpers:RunClassConstructor (System.RuntimeTypeHandle)
UnityEditor.EditorAssemblies:ProcessInitializeOnLoadAttributes (System.Type[])

(Filename: Library/PackageCache/com.htc.upm.wave.xrsdk@5.1.1-r.4/Runtime/ViveWaveEyeGaze.cs Line: 55)

Wave.XR.ViveWaveHMD InitializeInPlayer()
UnityEngine.StackTraceUtility:ExtractStackTrace ()
UnityEngine.DebugLogHandler:LogFormat (UnityEngine.LogType,UnityEngine.Object,string,object[])
UnityEngine.Logger:Log (UnityEngine.LogType,object)
UnityEngine.Debug:Log (object)
Wave.XR.ViveWaveHMD:DEBUG (string) (at Library/PackageCache/com.htc.upm.wave.xrsdk@5.1.1-r.4/Runtime/ViveWaveHMD.cs:33)
Wave.XR.ViveWaveHMD:InitializeInPlayer () (at Library/PackageCache/com.htc.upm.wave.xrsdk@5.1.1-r.4/Runtime/ViveWaveHMD.cs:55)
Wave.XR.ViveWaveHMD:.cctor () (at Library/PackageCache/com.htc.upm.wave.xrsdk@5.1.1-r.4/Runtime/ViveWaveHMD.cs:48)
System.Runtime.CompilerServices.RuntimeHelpers:RunClassConstructor (System.RuntimeTypeHandle)
UnityEditor.EditorAssemblies:ProcessInitializeOnLoadAttributes (System.Type[])

(Filename: Library/PackageCache/com.htc.upm.wave.xrsdk@5.1.1-r.4/Runtime/ViveWaveHMD.cs Line: 33)

Wave.XR.ViveWaveWristTracker Initialize() RegisterLayout with interface Wrist Tracker
UnityEngine.StackTraceUtility:ExtractStackTrace ()
UnityEngine.DebugLogHandler:LogFormat (UnityEngine.LogType,UnityEngine.Object,string,object[])
UnityEngine.Logger:Log (UnityEngine.LogType,object)
UnityEngine.Debug:Log (object)
Wave.XR.ViveWaveWristTracker:DEBUG (string) (at Library/PackageCache/com.htc.upm.wave.xrsdk@5.1.1-r.4/Runtime/ViveWaveWristTracker.cs:59)
Wave.XR.ViveWaveWristTracker:Initialize () (at Library/PackageCache/com.htc.upm.wave.xrsdk@5.1.1-r.4/Runtime/ViveWaveWristTracker.cs:82)
Wave.XR.ViveWaveWristTracker:.cctor () (at Library/PackageCache/com.htc.upm.wave.xrsdk@5.1.1-r.4/Runtime/ViveWaveWristTracker.cs:75)
System.Runtime.CompilerServices.RuntimeHelpers:RunClassConstructor (System.RuntimeTypeHandle)
UnityEditor.EditorAssemblies:ProcessInitializeOnLoadAttributes (System.Type[])

(Filename: Library/PackageCache/com.htc.upm.wave.xrsdk@5.1.1-r.4/Runtime/ViveWaveWristTracker.cs Line: 59)

Wave.XR.ViveWaveWristTracker FinishSetup() deviceId: 0, IsLeft: False, interfaceName: Wrist Tracker, product: Wave Tracker0, serial: HTC-211012-Tracker0
UnityEngine.StackTraceUtility:ExtractStackTrace ()
UnityEngine.DebugLogHandler:LogFormat (UnityEngine.LogType,UnityEngine.Object,string,object[])
UnityEngine.Logger:Log (UnityEngine.LogType,object)
UnityEngine.Debug:Log (object)
Wave.XR.ViveWaveWristTracker:DEBUG (string) (at Library/PackageCache/com.htc.upm.wave.xrsdk@5.1.1-r.4/Runtime/ViveWaveWristTracker.cs:59)
Wave.XR.ViveWaveWristTracker:FinishSetup () (at Library/PackageCache/com.htc.upm.wave.xrsdk@5.1.1-r.4/Runtime/ViveWaveWristTracker.cs:133)
UnityEngine.InputSystem.InputControl:CallFinishSetupRecursive () (at Library/PackageCache/com.unity.inputsystem@1.4.4/InputSystem/Controls/InputControl.cs:937)
UnityEngine.InputSystem.Layouts.InputDeviceBuilder:Setup (UnityEngine.InputSystem.Utilities.InternedString,UnityEngine.InputSystem.Utilities.InternedString,UnityEngine.InputSystem.Layouts.InputDeviceDescription) (at Library/PackageCache/com.unity.inputsystem@1.4.4/InputSystem/Devices/InputDeviceBuilder.cs:60)
UnityEngine.InputSystem.InputDevice:Build<UnityEngine.InputSystem.InputDevice> (string,string,UnityEngine.InputSystem.Layouts.InputDeviceDescription,bool) (at Library/PackageCache/com.unity.inputsystem@1.4.4/InputSystem/Devices/InputDevice.cs:898)
UnityEngine.InputSystem.InputManager:AddDevice (UnityEngine.InputSystem.Utilities.InternedString,int,string,UnityEngine.InputSystem.Layouts.InputDeviceDescription,UnityEngine.InputSystem.InputDevice/DeviceFlags,UnityEngine.InputSystem.Utilities.InternedString) (at Library/PackageCache/com.unity.inputsystem@1.4.4/InputSystem/InputManager.cs:1062)
UnityEngine.InputSystem.InputManager:RestoreDeviceFromSavedState (UnityEngine.InputSystem.InputManager/DeviceState&,UnityEngine.InputSystem.Utilities.InternedString) (at Library/PackageCache/com.unity.inputsystem@1.4.4/InputSystem/InputManager.cs:3774)
UnityEngine.InputSystem.InputManager:AddAvailableDevicesMatchingDescription (UnityEngine.InputSystem.Layouts.InputDeviceMatcher,UnityEngine.InputSystem.Utilities.InternedString) (at Library/PackageCache/com.unity.inputsystem@1.4.4/InputSystem/InputManager.cs:694)
UnityEngine.InputSystem.InputManager:RegisterControlLayoutMatcher (string,UnityEngine.InputSystem.Layouts.InputDeviceMatcher) (at Library/PackageCache/com.unity.inputsystem@1.4.4/InputSystem/InputManager.cs:605)
UnityEngine.InputSystem.InputSystem:RegisterLayout (System.Type,string,System.Nullable`1<UnityEngine.InputSystem.Layouts.InputDeviceMatcher>) (at Library/PackageCache/com.unity.inputsystem@1.4.4/InputSystem/InputSystem.cs:242)
Wave.XR.ViveWaveWristTracker:Initialize () (at Library/PackageCache/com.htc.upm.wave.xrsdk@5.1.1-r.4/Runtime/ViveWaveWristTracker.cs:83)
Wave.XR.ViveWaveWristTracker:.cctor () (at Library/PackageCache/com.htc.upm.wave.xrsdk@5.1.1-r.4/Runtime/ViveWaveWristTracker.cs:75)
System.Runtime.CompilerServices.RuntimeHelpers:RunClassConstructor (System.RuntimeTypeHandle)
UnityEditor.EditorAssemblies:ProcessInitializeOnLoadAttributes (System.Type[])

(Filename: Library/PackageCache/com.htc.upm.wave.xrsdk@5.1.1-r.4/Runtime/ViveWaveWristTracker.cs Line: 59)

Wave.XR.ViveWaveWristTracker FinishSetup() deviceId: 0, IsLeft: True, interfaceName: Wrist Tracker, product: Wave Tracker1, serial: HTC-211012-Tracker1
UnityEngine.StackTraceUtility:ExtractStackTrace ()
UnityEngine.DebugLogHandler:LogFormat (UnityEngine.LogType,UnityEngine.Object,string,object[])
UnityEngine.Logger:Log (UnityEngine.LogType,object)
UnityEngine.Debug:Log (object)
Wave.XR.ViveWaveWristTracker:DEBUG (string) (at Library/PackageCache/com.htc.upm.wave.xrsdk@5.1.1-r.4/Runtime/ViveWaveWristTracker.cs:59)
Wave.XR.ViveWaveWristTracker:FinishSetup () (at Library/PackageCache/com.htc.upm.wave.xrsdk@5.1.1-r.4/Runtime/ViveWaveWristTracker.cs:133)
UnityEngine.InputSystem.InputControl:CallFinishSetupRecursive () (at Library/PackageCache/com.unity.inputsystem@1.4.4/InputSystem/Controls/InputControl.cs:937)
UnityEngine.InputSystem.Layouts.InputDeviceBuilder:Setup (UnityEngine.InputSystem.Utilities.InternedString,UnityEngine.InputSystem.Utilities.InternedString,UnityEngine.InputSystem.Layouts.InputDeviceDescription) (at Library/PackageCache/com.unity.inputsystem@1.4.4/InputSystem/Devices/InputDeviceBuilder.cs:60)
UnityEngine.InputSystem.InputDevice:Build<UnityEngine.InputSystem.InputDevice> (string,string,UnityEngine.InputSystem.Layouts.InputDeviceDescription,bool) (at Library/PackageCache/com.unity.inputsystem@1.4.4/InputSystem/Devices/InputDevice.cs:898)
UnityEngine.InputSystem.InputManager:AddDevice (UnityEngine.InputSystem.Utilities.InternedString,int,string,UnityEngine.InputSystem.Layouts.InputDeviceDescription,UnityEngine.InputSystem.InputDevice/DeviceFlags,UnityEngine.InputSystem.Utilities.InternedString) (at Library/PackageCache/com.unity.inputsystem@1.4.4/InputSystem/InputManager.cs:1062)
UnityEngine.InputSystem.InputManager:RestoreDeviceFromSavedState (UnityEngine.InputSystem.InputManager/DeviceState&,UnityEngine.InputSystem.Utilities.InternedString) (at Library/PackageCache/com.unity.inputsystem@1.4.4/InputSystem/InputManager.cs:3774)
UnityEngine.InputSystem.InputManager:AddAvailableDevicesMatchingDescription (UnityEngine.InputSystem.Layouts.InputDeviceMatcher,UnityEngine.InputSystem.Utilities.InternedString) (at Library/PackageCache/com.unity.inputsystem@1.4.4/InputSystem/InputManager.cs:694)
UnityEngine.InputSystem.InputManager:RegisterControlLayoutMatcher (string,UnityEngine.InputSystem.Layouts.InputDeviceMatcher) (at Library/PackageCache/com.unity.inputsystem@1.4.4/InputSystem/InputManager.cs:605)
UnityEngine.InputSystem.InputSystem:RegisterLayout (System.Type,string,System.Nullable`1<UnityEngine.InputSystem.Layouts.InputDeviceMatcher>) (at Library/PackageCache/com.unity.inputsystem@1.4.4/InputSystem/InputSystem.cs:242)
Wave.XR.ViveWaveWristTracker:Initialize () (at Library/PackageCache/com.htc.upm.wave.xrsdk@5.1.1-r.4/Runtime/ViveWaveWristTracker.cs:83)
Wave.XR.ViveWaveWristTracker:.cctor () (at Library/PackageCache/com.htc.upm.wave.xrsdk@5.1.1-r.4/Runtime/ViveWaveWristTracker.cs:75)
System.Runtime.CompilerServices.RuntimeHelpers:RunClassConstructor (System.RuntimeTypeHandle)
UnityEditor.EditorAssemblies:ProcessInitializeOnLoadAttributes (System.Type[])

(Filename: Library/PackageCache/com.htc.upm.wave.xrsdk@5.1.1-r.4/Runtime/ViveWaveWristTracker.cs Line: 59)

Wave.XR.ViveWaveWristTracker Initialize() Removes a ViveWaveWristTracker device.
UnityEngine.StackTraceUtility:ExtractStackTrace ()
UnityEngine.DebugLogHandler:LogFormat (UnityEngine.LogType,UnityEngine.Object,string,object[])
UnityEngine.Logger:Log (UnityEngine.LogType,object)
UnityEngine.Debug:Log (object)
Wave.XR.ViveWaveWristTracker:DEBUG (string) (at Library/PackageCache/com.htc.upm.wave.xrsdk@5.1.1-r.4/Runtime/ViveWaveWristTracker.cs:59)
Wave.XR.ViveWaveWristTracker:Initialize () (at Library/PackageCache/com.htc.upm.wave.xrsdk@5.1.1-r.4/Runtime/ViveWaveWristTracker.cs:92)
Wave.XR.ViveWaveWristTracker:.cctor () (at Library/PackageCache/com.htc.upm.wave.xrsdk@5.1.1-r.4/Runtime/ViveWaveWristTracker.cs:75)
System.Runtime.CompilerServices.RuntimeHelpers:RunClassConstructor (System.RuntimeTypeHandle)
UnityEditor.EditorAssemblies:ProcessInitializeOnLoadAttributes (System.Type[])

(Filename: Library/PackageCache/com.htc.upm.wave.xrsdk@5.1.1-r.4/Runtime/ViveWaveWristTracker.cs Line: 59)

Wave.XR.ViveWaveWristTracker Initialize() Removes a ViveWaveWristTracker device.
UnityEngine.StackTraceUtility:ExtractStackTrace ()
UnityEngine.DebugLogHandler:LogFormat (UnityEngine.LogType,UnityEngine.Object,string,object[])
UnityEngine.Logger:Log (UnityEngine.LogType,object)
UnityEngine.Debug:Log (object)
Wave.XR.ViveWaveWristTracker:DEBUG (string) (at Library/PackageCache/com.htc.upm.wave.xrsdk@5.1.1-r.4/Runtime/ViveWaveWristTracker.cs:59)
Wave.XR.ViveWaveWristTracker:Initialize () (at Library/PackageCache/com.htc.upm.wave.xrsdk@5.1.1-r.4/Runtime/ViveWaveWristTracker.cs:92)
Wave.XR.ViveWaveWristTracker:.cctor () (at Library/PackageCache/com.htc.upm.wave.xrsdk@5.1.1-r.4/Runtime/ViveWaveWristTracker.cs:75)
System.Runtime.CompilerServices.RuntimeHelpers:RunClassConstructor (System.RuntimeTypeHandle)
UnityEditor.EditorAssemblies:ProcessInitializeOnLoadAttributes (System.Type[])

(Filename: Library/PackageCache/com.htc.upm.wave.xrsdk@5.1.1-r.4/Runtime/ViveWaveWristTracker.cs Line: 59)

Wave.XR.ViveWaveWristTracker Initialize() Adds right ViveWaveWristTracker device Wave Tracker0
UnityEngine.StackTraceUtility:ExtractStackTrace ()
UnityEngine.DebugLogHandler:LogFormat (UnityEngine.LogType,UnityEngine.Object,string,object[])
UnityEngine.Logger:Log (UnityEngine.LogType,object)
UnityEngine.Debug:Log (object)
Wave.XR.ViveWaveWristTracker:DEBUG (string) (at Library/PackageCache/com.htc.upm.wave.xrsdk@5.1.1-r.4/Runtime/ViveWaveWristTracker.cs:59)
Wave.XR.ViveWaveWristTracker:Initialize () (at Library/PackageCache/com.htc.upm.wave.xrsdk@5.1.1-r.4/Runtime/ViveWaveWristTracker.cs:97)
Wave.XR.ViveWaveWristTracker:.cctor () (at Library/PackageCache/com.htc.upm.wave.xrsdk@5.1.1-r.4/Runtime/ViveWaveWristTracker.cs:75)
System.Runtime.CompilerServices.RuntimeHelpers:RunClassConstructor (System.RuntimeTypeHandle)
UnityEditor.EditorAssemblies:ProcessInitializeOnLoadAttributes (System.Type[])

(Filename: Library/PackageCache/com.htc.upm.wave.xrsdk@5.1.1-r.4/Runtime/ViveWaveWristTracker.cs Line: 59)

Wave.XR.ViveWaveWristTracker FinishSetup() deviceId: 0, IsLeft: False, interfaceName: Wrist Tracker, product: Wave Tracker0, serial: HTC-211012-Tracker0
UnityEngine.StackTraceUtility:ExtractStackTrace ()
UnityEngine.DebugLogHandler:LogFormat (UnityEngine.LogType,UnityEngine.Object,string,object[])
UnityEngine.Logger:Log (UnityEngine.LogType,object)
UnityEngine.Debug:Log (object)
Wave.XR.ViveWaveWristTracker:DEBUG (string) (at Library/PackageCache/com.htc.upm.wave.xrsdk@5.1.1-r.4/Runtime/ViveWaveWristTracker.cs:59)
Wave.XR.ViveWaveWristTracker:FinishSetup () (at Library/PackageCache/com.htc.upm.wave.xrsdk@5.1.1-r.4/Runtime/ViveWaveWristTracker.cs:133)
UnityEngine.InputSystem.InputControl:CallFinishSetupRecursive () (at Library/PackageCache/com.unity.inputsystem@1.4.4/InputSystem/Controls/InputControl.cs:937)
UnityEngine.InputSystem.Layouts.InputDeviceBuilder:Setup (UnityEngine.InputSystem.Utilities.InternedString,UnityEngine.InputSystem.Utilities.InternedString,UnityEngine.InputSystem.Layouts.InputDeviceDescription) (at Library/PackageCache/com.unity.inputsystem@1.4.4/InputSystem/Devices/InputDeviceBuilder.cs:60)
UnityEngine.InputSystem.InputDevice:Build<UnityEngine.InputSystem.InputDevice> (string,string,UnityEngine.InputSystem.Layouts.InputDeviceDescription,bool) (at Library/PackageCache/com.unity.inputsystem@1.4.4/InputSystem/Devices/InputDevice.cs:898)
UnityEngine.InputSystem.InputManager:AddDevice (UnityEngine.InputSystem.Utilities.InternedString,int,string,UnityEngine.InputSystem.Layouts.InputDeviceDescription,UnityEngine.InputSystem.InputDevice/DeviceFlags,UnityEngine.InputSystem.Utilities.InternedString) (at Library/PackageCache/com.unity.inputsystem@1.4.4/InputSystem/InputManager.cs:1062)
UnityEngine.InputSystem.InputManager:AddDevice (UnityEngine.InputSystem.Layouts.InputDeviceDescription,bool,string,int,UnityEngine.InputSystem.InputDevice/DeviceFlags) (at Library/PackageCache/com.unity.inputsystem@1.4.4/InputSystem/InputManager.cs:1220)
UnityEngine.InputSystem.InputManager:AddDevice (UnityEngine.InputSystem.Layouts.InputDeviceDescription) (at Library/PackageCache/com.unity.inputsystem@1.4.4/InputSystem/InputManager.cs:1193)
UnityEngine.InputSystem.InputSystem:AddDevice (UnityEngine.InputSystem.Layouts.InputDeviceDescription) (at Library/PackageCache/com.unity.inputsystem@1.4.4/InputSystem/InputSystem.cs:1491)
Wave.XR.ViveWaveWristTracker:Initialize () (at Library/PackageCache/com.htc.upm.wave.xrsdk@5.1.1-r.4/Runtime/ViveWaveWristTracker.cs:98)
Wave.XR.ViveWaveWristTracker:.cctor () (at Library/PackageCache/com.htc.upm.wave.xrsdk@5.1.1-r.4/Runtime/ViveWaveWristTracker.cs:75)
System.Runtime.CompilerServices.RuntimeHelpers:RunClassConstructor (System.RuntimeTypeHandle)
UnityEditor.EditorAssemblies:ProcessInitializeOnLoadAttributes (System.Type[])

(Filename: Library/PackageCache/com.htc.upm.wave.xrsdk@5.1.1-r.4/Runtime/ViveWaveWristTracker.cs Line: 59)

Wave.XR.ViveWaveWristTracker Initialize() Adds left ViveWaveWristTracker device Wave Tracker1
UnityEngine.StackTraceUtility:ExtractStackTrace ()
UnityEngine.DebugLogHandler:LogFormat (UnityEngine.LogType,UnityEngine.Object,string,object[])
UnityEngine.Logger:Log (UnityEngine.LogType,object)
UnityEngine.Debug:Log (object)
Wave.XR.ViveWaveWristTracker:DEBUG (string) (at Library/PackageCache/com.htc.upm.wave.xrsdk@5.1.1-r.4/Runtime/ViveWaveWristTracker.cs:59)
Wave.XR.ViveWaveWristTracker:Initialize () (at Library/PackageCache/com.htc.upm.wave.xrsdk@5.1.1-r.4/Runtime/ViveWaveWristTracker.cs:101)
Wave.XR.ViveWaveWristTracker:.cctor () (at Library/PackageCache/com.htc.upm.wave.xrsdk@5.1.1-r.4/Runtime/ViveWaveWristTracker.cs:75)
System.Runtime.CompilerServices.RuntimeHelpers:RunClassConstructor (System.RuntimeTypeHandle)
UnityEditor.EditorAssemblies:ProcessInitializeOnLoadAttributes (System.Type[])

(Filename: Library/PackageCache/com.htc.upm.wave.xrsdk@5.1.1-r.4/Runtime/ViveWaveWristTracker.cs Line: 59)

Wave.XR.ViveWaveWristTracker FinishSetup() deviceId: 0, IsLeft: True, interfaceName: Wrist Tracker, product: Wave Tracker1, serial: HTC-211012-Tracker1
UnityEngine.StackTraceUtility:ExtractStackTrace ()
UnityEngine.DebugLogHandler:LogFormat (UnityEngine.LogType,UnityEngine.Object,string,object[])
UnityEngine.Logger:Log (UnityEngine.LogType,object)
UnityEngine.Debug:Log (object)
Wave.XR.ViveWaveWristTracker:DEBUG (string) (at Library/PackageCache/com.htc.upm.wave.xrsdk@5.1.1-r.4/Runtime/ViveWaveWristTracker.cs:59)
Wave.XR.ViveWaveWristTracker:FinishSetup () (at Library/PackageCache/com.htc.upm.wave.xrsdk@5.1.1-r.4/Runtime/ViveWaveWristTracker.cs:133)
UnityEngine.InputSystem.InputControl:CallFinishSetupRecursive () (at Library/PackageCache/com.unity.inputsystem@1.4.4/InputSystem/Controls/InputControl.cs:937)
UnityEngine.InputSystem.Layouts.InputDeviceBuilder:Setup (UnityEngine.InputSystem.Utilities.InternedString,UnityEngine.InputSystem.Utilities.InternedString,UnityEngine.InputSystem.Layouts.InputDeviceDescription) (at Library/PackageCache/com.unity.inputsystem@1.4.4/InputSystem/Devices/InputDeviceBuilder.cs:60)
UnityEngine.InputSystem.InputDevice:Build<UnityEngine.InputSystem.InputDevice> (string,string,UnityEngine.InputSystem.Layouts.InputDeviceDescription,bool) (at Library/PackageCache/com.unity.inputsystem@1.4.4/InputSystem/Devices/InputDevice.cs:898)
UnityEngine.InputSystem.InputManager:AddDevice (UnityEngine.InputSystem.Utilities.InternedString,int,string,UnityEngine.InputSystem.Layouts.InputDeviceDescription,UnityEngine.InputSystem.InputDevice/DeviceFlags,UnityEngine.InputSystem.Utilities.InternedString) (at Library/PackageCache/com.unity.inputsystem@1.4.4/InputSystem/InputManager.cs:1062)
UnityEngine.InputSystem.InputManager:AddDevice (UnityEngine.InputSystem.Layouts.InputDeviceDescription,bool,string,int,UnityEngine.InputSystem.InputDevice/DeviceFlags) (at Library/PackageCache/com.unity.inputsystem@1.4.4/InputSystem/InputManager.cs:1220)
UnityEngine.InputSystem.InputManager:AddDevice (UnityEngine.InputSystem.Layouts.InputDeviceDescription) (at Library/PackageCache/com.unity.inputsystem@1.4.4/InputSystem/InputManager.cs:1193)
UnityEngine.InputSystem.InputSystem:AddDevice (UnityEngine.InputSystem.Layouts.InputDeviceDescription) (at Library/PackageCache/com.unity.inputsystem@1.4.4/InputSystem/InputSystem.cs:1491)
Wave.XR.ViveWaveWristTracker:Initialize () (at Library/PackageCache/com.htc.upm.wave.xrsdk@5.1.1-r.4/Runtime/ViveWaveWristTracker.cs:102)
Wave.XR.ViveWaveWristTracker:.cctor () (at Library/PackageCache/com.htc.upm.wave.xrsdk@5.1.1-r.4/Runtime/ViveWaveWristTracker.cs:75)
System.Runtime.CompilerServices.RuntimeHelpers:RunClassConstructor (System.RuntimeTypeHandle)
UnityEditor.EditorAssemblies:ProcessInitializeOnLoadAttributes (System.Type[])

(Filename: Library/PackageCache/com.htc.upm.wave.xrsdk@5.1.1-r.4/Runtime/ViveWaveWristTracker.cs Line: 59)

InteractionModeManagerSettings() registered EditorSceneManager.sceneOpened.
UnityEngine.StackTraceUtility:ExtractStackTrace ()
UnityEngine.DebugLogHandler:LogFormat (UnityEngine.LogType,UnityEngine.Object,string,object[])
UnityEngine.Logger:Log (UnityEngine.LogType,object)
UnityEngine.Debug:Log (object)
Wave.Essence.Interaction.Mode.Editor.InteractionModeManagerSettings:.cctor () (at Assets/Wave/Essence/Interaction/Mode/5.1.1-r.4/Editor/InteractionModeManagerEditor.cs:57)
System.Runtime.CompilerServices.RuntimeHelpers:RunClassConstructor (System.RuntimeTypeHandle)
UnityEditor.EditorAssemblies:ProcessInitializeOnLoadAttributes (System.Type[])

(Filename: Assets/Wave/Essence/Interaction/Mode/5.1.1-r.4/Editor/InteractionModeManagerEditor.cs Line: 57)

PackageInfo()
UnityEngine.StackTraceUtility:ExtractStackTrace ()
UnityEngine.DebugLogHandler:LogFormat (UnityEngine.LogType,UnityEngine.Object,string,object[])
UnityEngine.Logger:Log (UnityEngine.LogType,object)
UnityEngine.Debug:Log (object)
Wave.Essence.Editor.PackageInfo:.cctor () (at Library/PackageCache/com.htc.upm.wave.essence@5.1.1-r.4/Editor/EssenceSettingsProvider.cs:866)
System.Runtime.CompilerServices.RuntimeHelpers:RunClassConstructor (System.RuntimeTypeHandle)
UnityEditor.EditorAssemblies:ProcessInitializeOnLoadAttributes (System.Type[])

(Filename: Library/PackageCache/com.htc.upm.wave.essence@5.1.1-r.4/Editor/EssenceSettingsProvider.cs Line: 866)

Mono: successfully reloaded assembly
- Completed reload, in  0.720 seconds
Domain Reload Profiling:
	ReloadAssembly (721ms)
		BeginReloadAssembly (96ms)
			ExecutionOrderSort (0ms)
			DisableScriptedObjects (3ms)
			BackupInstance (0ms)
			ReleaseScriptingObjects (0ms)
			CreateAndSetChildDomain (32ms)
		EndReloadAssembly (569ms)
			LoadAssemblies (59ms)
			RebuildTransferFunctionScriptingTraits (0ms)
			SetupTypeCache (182ms)
			ReleaseScriptCaches (1ms)
			RebuildScriptCaches (24ms)
			SetupLoadedEditorAssemblies (272ms)
				LogAssemblyErrors (0ms)
				InitializePlatformSupportModulesInManaged (14ms)
				SetLoadedEditorAssemblies (0ms)
				RefreshPlugins (1ms)
				BeforeProcessingInitializeOnLoad (40ms)
				ProcessInitializeOnLoadAttributes (198ms)
				ProcessInitializeOnLoadMethodAttributes (17ms)
				AfterProcessingInitializeOnLoad (1ms)
				EditorAssembliesLoaded (0ms)
			ExecutionOrderSort2 (0ms)
			AwakeInstancesAfterBackupRestoration (4ms)
Platform modules already initialized, skipping
Refreshing native plugins compatible for Editor in 4.24 ms, found 21 plugins.
Preloading 0 native plugins for Editor in 0.00 ms.
Unloading 4422 Unused Serialized files (Serialized files now loaded: 0)
Unloading 49 unused Assets / (24.6 KB). Loaded Objects now: 4979.
Memory consumption went from 254.9 MB to 254.8 MB.
Total: 2.312300 ms (FindLiveObjects: 0.210700 ms CreateObjectMapping: 0.107200 ms MarkObjects: 1.971700 ms  DeleteObjects: 0.022000 ms)

AssetImportParameters requested are different than current active one (requested -> active):
  custom:video-decoder-ogg-theora: a1e56fd34408186e4bbccfd4996cb3dc -> 
  custom:container-muxer-webm: aa71ff27fc2769a1b78a27578f13a17b -> 
  custom:container-demuxer-webm: 4f35f7cbe854078d1ac9338744f61a02 -> 
  custom:video-encoder-webm-vp8: eb34c28f22e8b96e1ab97ce403110664 -> 
  custom:audio-encoder-webm-vorbis: bf7c407c2cedff20999df2af8eb42d56 -> 
  custom:framework-win-MediaFoundation: 216162199b28c13a410421893ffa2e32 -> 
  custom:container-demuxer-ogg: 62fdf1f143b41e24485cea50d1cbac27 -> 
  custom:video-decoder-webm-vp8: 9c59270c3fd7afecdb556c50c9e8de78 -> 
  custom:audio-decoder-ogg-vorbis: bf7c407c2cedff20999df2af8eb42d56 -> 
========================================================================
Received Prepare
Registering precompiled user dll's ...
Registered in 0.006573 seconds.
Begin MonoManager ReloadAssembly
Symbol file LoadedFromMemory doesn't match image C:\Users\admin\Desktop\BUAA-Graduation-Project\HEAD-EYE-LAB\Library\PackageCache\com.unity.visualscripting@1.7.8\Editor\VisualScripting.Core\Dependencies\DotNetZip\Unity.VisualScripting.IonicZip.dll
Symbol file LoadedFromMemory doesn't match image C:\Users\admin\Desktop\BUAA-Graduation-Project\HEAD-EYE-LAB\Library\PackageCache\com.unity.visualscripting@1.7.8\Editor\VisualScripting.Core\Dependencies\YamlDotNet\Unity.VisualScripting.YamlDotNet.dll
Native extension for UWP target not found
Native extension for WindowsStandalone target not found
Native extension for Android target not found
Refreshing native plugins compatible for Editor in 0.84 ms, found 21 plugins.
Preloading 0 native plugins for Editor in 0.00 ms.
Wave.XR.ViveWaveController InitializeInPlayer() WVR_CR_Left_001
UnityEngine.StackTraceUtility:ExtractStackTrace ()
UnityEngine.DebugLogHandler:LogFormat (UnityEngine.LogType,UnityEngine.Object,string,object[])
UnityEngine.Logger:Log (UnityEngine.LogType,object)
UnityEngine.Debug:Log (object)
Wave.XR.ViveWaveController:DEBUG (string) (at Library/PackageCache/com.htc.upm.wave.xrsdk@5.1.1-r.4/Runtime/ViveWaveController.cs:33)
Wave.XR.ViveWaveController:InitializeInPlayer () (at Library/PackageCache/com.htc.upm.wave.xrsdk@5.1.1-r.4/Runtime/ViveWaveController.cs:54)
Wave.XR.ViveWaveController:.cctor () (at Library/PackageCache/com.htc.upm.wave.xrsdk@5.1.1-r.4/Runtime/ViveWaveController.cs:47)
System.Runtime.CompilerServices.RuntimeHelpers:RunClassConstructor (System.RuntimeTypeHandle)
UnityEditor.EditorAssemblies:ProcessInitializeOnLoadAttributes (System.Type[])

(Filename: Library/PackageCache/com.htc.upm.wave.xrsdk@5.1.1-r.4/Runtime/ViveWaveController.cs Line: 33)

Wave.XR.ViveWaveController InitializeInPlayer() WVR_CR_Right_001
UnityEngine.StackTraceUtility:ExtractStackTrace ()
UnityEngine.DebugLogHandler:LogFormat (UnityEngine.LogType,UnityEngine.Object,string,object[])
UnityEngine.Logger:Log (UnityEngine.LogType,object)
UnityEngine.Debug:Log (object)
Wave.XR.ViveWaveController:DEBUG (string) (at Library/PackageCache/com.htc.upm.wave.xrsdk@5.1.1-r.4/Runtime/ViveWaveController.cs:33)
Wave.XR.ViveWaveController:InitializeInPlayer () (at Library/PackageCache/com.htc.upm.wave.xrsdk@5.1.1-r.4/Runtime/ViveWaveController.cs:62)
Wave.XR.ViveWaveController:.cctor () (at Library/PackageCache/com.htc.upm.wave.xrsdk@5.1.1-r.4/Runtime/ViveWaveController.cs:47)
System.Runtime.CompilerServices.RuntimeHelpers:RunClassConstructor (System.RuntimeTypeHandle)
UnityEditor.EditorAssemblies:ProcessInitializeOnLoadAttributes (System.Type[])

(Filename: Library/PackageCache/com.htc.upm.wave.xrsdk@5.1.1-r.4/Runtime/ViveWaveController.cs Line: 33)

Wave.XR.ViveWaveEyeGaze ctor()
UnityEngine.StackTraceUtility:ExtractStackTrace ()
UnityEngine.DebugLogHandler:LogFormat (UnityEngine.LogType,UnityEngine.Object,string,object[])
UnityEngine.Logger:Log (UnityEngine.LogType,object)
UnityEngine.Debug:Log (object)
Wave.XR.ViveWaveEyeGaze:DEBUG (string) (at Library/PackageCache/com.htc.upm.wave.xrsdk@5.1.1-r.4/Runtime/ViveWaveEyeGaze.cs:55)
Wave.XR.ViveWaveEyeGaze:.cctor () (at Library/PackageCache/com.htc.upm.wave.xrsdk@5.1.1-r.4/Runtime/ViveWaveEyeGaze.cs:65)
System.Runtime.CompilerServices.RuntimeHelpers:RunClassConstructor (System.RuntimeTypeHandle)
UnityEditor.EditorAssemblies:ProcessInitializeOnLoadAttributes (System.Type[])

(Filename: Library/PackageCache/com.htc.upm.wave.xrsdk@5.1.1-r.4/Runtime/ViveWaveEyeGaze.cs Line: 55)

Wave.XR.ViveWaveEyeGaze Initialize() RegisterLayout with interface Eye Gaze
UnityEngine.StackTraceUtility:ExtractStackTrace ()
UnityEngine.DebugLogHandler:LogFormat (UnityEngine.LogType,UnityEngine.Object,string,object[])
UnityEngine.Logger:Log (UnityEngine.LogType,object)
UnityEngine.Debug:Log (object)
Wave.XR.ViveWaveEyeGaze:DEBUG (string) (at Library/PackageCache/com.htc.upm.wave.xrsdk@5.1.1-r.4/Runtime/ViveWaveEyeGaze.cs:55)
Wave.XR.ViveWaveEyeGaze:Initialize () (at Library/PackageCache/com.htc.upm.wave.xrsdk@5.1.1-r.4/Runtime/ViveWaveEyeGaze.cs:73)
Wave.XR.ViveWaveEyeGaze:.cctor () (at Library/PackageCache/com.htc.upm.wave.xrsdk@5.1.1-r.4/Runtime/ViveWaveEyeGaze.cs:66)
System.Runtime.CompilerServices.RuntimeHelpers:RunClassConstructor (System.RuntimeTypeHandle)
UnityEditor.EditorAssemblies:ProcessInitializeOnLoadAttributes (System.Type[])

(Filename: Library/PackageCache/com.htc.upm.wave.xrsdk@5.1.1-r.4/Runtime/ViveWaveEyeGaze.cs Line: 55)

Wave.XR.ViveWaveEyeGaze Initialize() Removes a ViveWaveEyeGaze device.
UnityEngine.StackTraceUtility:ExtractStackTrace ()
UnityEngine.DebugLogHandler:LogFormat (UnityEngine.LogType,UnityEngine.Object,string,object[])
UnityEngine.Logger:Log (UnityEngine.LogType,object)
UnityEngine.Debug:Log (object)
Wave.XR.ViveWaveEyeGaze:DEBUG (string) (at Library/PackageCache/com.htc.upm.wave.xrsdk@5.1.1-r.4/Runtime/ViveWaveEyeGaze.cs:55)
Wave.XR.ViveWaveEyeGaze:Initialize () (at Library/PackageCache/com.htc.upm.wave.xrsdk@5.1.1-r.4/Runtime/ViveWaveEyeGaze.cs:83)
Wave.XR.ViveWaveEyeGaze:.cctor () (at Library/PackageCache/com.htc.upm.wave.xrsdk@5.1.1-r.4/Runtime/ViveWaveEyeGaze.cs:66)
System.Runtime.CompilerServices.RuntimeHelpers:RunClassConstructor (System.RuntimeTypeHandle)
UnityEditor.EditorAssemblies:ProcessInitializeOnLoadAttributes (System.Type[])

(Filename: Library/PackageCache/com.htc.upm.wave.xrsdk@5.1.1-r.4/Runtime/ViveWaveEyeGaze.cs Line: 55)

Wave.XR.ViveWaveEyeGaze Initialize() Adds a ViveWaveEyeGaze device.
UnityEngine.StackTraceUtility:ExtractStackTrace ()
UnityEngine.DebugLogHandler:LogFormat (UnityEngine.LogType,UnityEngine.Object,string,object[])
UnityEngine.Logger:Log (UnityEngine.LogType,object)
UnityEngine.Debug:Log (object)
Wave.XR.ViveWaveEyeGaze:DEBUG (string) (at Library/PackageCache/com.htc.upm.wave.xrsdk@5.1.1-r.4/Runtime/ViveWaveEyeGaze.cs:55)
Wave.XR.ViveWaveEyeGaze:Initialize () (at Library/PackageCache/com.htc.upm.wave.xrsdk@5.1.1-r.4/Runtime/ViveWaveEyeGaze.cs:88)
Wave.XR.ViveWaveEyeGaze:.cctor () (at Library/PackageCache/com.htc.upm.wave.xrsdk@5.1.1-r.4/Runtime/ViveWaveEyeGaze.cs:66)
System.Runtime.CompilerServices.RuntimeHelpers:RunClassConstructor (System.RuntimeTypeHandle)
UnityEditor.EditorAssemblies:ProcessInitializeOnLoadAttributes (System.Type[])

(Filename: Library/PackageCache/com.htc.upm.wave.xrsdk@5.1.1-r.4/Runtime/ViveWaveEyeGaze.cs Line: 55)

Wave.XR.ViveWaveHMD InitializeInPlayer()
UnityEngine.StackTraceUtility:ExtractStackTrace ()
UnityEngine.DebugLogHandler:LogFormat (UnityEngine.LogType,UnityEngine.Object,string,object[])
UnityEngine.Logger:Log (UnityEngine.LogType,object)
UnityEngine.Debug:Log (object)
Wave.XR.ViveWaveHMD:DEBUG (string) (at Library/PackageCache/com.htc.upm.wave.xrsdk@5.1.1-r.4/Runtime/ViveWaveHMD.cs:33)
Wave.XR.ViveWaveHMD:InitializeInPlayer () (at Library/PackageCache/com.htc.upm.wave.xrsdk@5.1.1-r.4/Runtime/ViveWaveHMD.cs:55)
Wave.XR.ViveWaveHMD:.cctor () (at Library/PackageCache/com.htc.upm.wave.xrsdk@5.1.1-r.4/Runtime/ViveWaveHMD.cs:48)
System.Runtime.CompilerServices.RuntimeHelpers:RunClassConstructor (System.RuntimeTypeHandle)
UnityEditor.EditorAssemblies:ProcessInitializeOnLoadAttributes (System.Type[])

(Filename: Library/PackageCache/com.htc.upm.wave.xrsdk@5.1.1-r.4/Runtime/ViveWaveHMD.cs Line: 33)

Wave.XR.ViveWaveWristTracker Initialize() RegisterLayout with interface Wrist Tracker
UnityEngine.StackTraceUtility:ExtractStackTrace ()
UnityEngine.DebugLogHandler:LogFormat (UnityEngine.LogType,UnityEngine.Object,string,object[])
UnityEngine.Logger:Log (UnityEngine.LogType,object)
UnityEngine.Debug:Log (object)
Wave.XR.ViveWaveWristTracker:DEBUG (string) (at Library/PackageCache/com.htc.upm.wave.xrsdk@5.1.1-r.4/Runtime/ViveWaveWristTracker.cs:59)
Wave.XR.ViveWaveWristTracker:Initialize () (at Library/PackageCache/com.htc.upm.wave.xrsdk@5.1.1-r.4/Runtime/ViveWaveWristTracker.cs:82)
Wave.XR.ViveWaveWristTracker:.cctor () (at Library/PackageCache/com.htc.upm.wave.xrsdk@5.1.1-r.4/Runtime/ViveWaveWristTracker.cs:75)
System.Runtime.CompilerServices.RuntimeHelpers:RunClassConstructor (System.RuntimeTypeHandle)
UnityEditor.EditorAssemblies:ProcessInitializeOnLoadAttributes (System.Type[])

(Filename: Library/PackageCache/com.htc.upm.wave.xrsdk@5.1.1-r.4/Runtime/ViveWaveWristTracker.cs Line: 59)

Wave.XR.ViveWaveWristTracker FinishSetup() deviceId: 0, IsLeft: False, interfaceName: Wrist Tracker, product: Wave Tracker0, serial: HTC-211012-Tracker0
UnityEngine.StackTraceUtility:ExtractStackTrace ()
UnityEngine.DebugLogHandler:LogFormat (UnityEngine.LogType,UnityEngine.Object,string,object[])
UnityEngine.Logger:Log (UnityEngine.LogType,object)
UnityEngine.Debug:Log (object)
Wave.XR.ViveWaveWristTracker:DEBUG (string) (at Library/PackageCache/com.htc.upm.wave.xrsdk@5.1.1-r.4/Runtime/ViveWaveWristTracker.cs:59)
Wave.XR.ViveWaveWristTracker:FinishSetup () (at Library/PackageCache/com.htc.upm.wave.xrsdk@5.1.1-r.4/Runtime/ViveWaveWristTracker.cs:133)
UnityEngine.InputSystem.InputControl:CallFinishSetupRecursive () (at Library/PackageCache/com.unity.inputsystem@1.4.4/InputSystem/Controls/InputControl.cs:937)
UnityEngine.InputSystem.Layouts.InputDeviceBuilder:Setup (UnityEngine.InputSystem.Utilities.InternedString,UnityEngine.InputSystem.Utilities.InternedString,UnityEngine.InputSystem.Layouts.InputDeviceDescription) (at Library/PackageCache/com.unity.inputsystem@1.4.4/InputSystem/Devices/InputDeviceBuilder.cs:60)
UnityEngine.InputSystem.InputDevice:Build<UnityEngine.InputSystem.InputDevice> (string,string,UnityEngine.InputSystem.Layouts.InputDeviceDescription,bool) (at Library/PackageCache/com.unity.inputsystem@1.4.4/InputSystem/Devices/InputDevice.cs:898)
UnityEngine.InputSystem.InputManager:AddDevice (UnityEngine.InputSystem.Utilities.InternedString,int,string,UnityEngine.InputSystem.Layouts.InputDeviceDescription,UnityEngine.InputSystem.InputDevice/DeviceFlags,UnityEngine.InputSystem.Utilities.InternedString) (at Library/PackageCache/com.unity.inputsystem@1.4.4/InputSystem/InputManager.cs:1062)
UnityEngine.InputSystem.InputManager:RestoreDeviceFromSavedState (UnityEngine.InputSystem.InputManager/DeviceState&,UnityEngine.InputSystem.Utilities.InternedString) (at Library/PackageCache/com.unity.inputsystem@1.4.4/InputSystem/InputManager.cs:3774)
UnityEngine.InputSystem.InputManager:AddAvailableDevicesMatchingDescription (UnityEngine.InputSystem.Layouts.InputDeviceMatcher,UnityEngine.InputSystem.Utilities.InternedString) (at Library/PackageCache/com.unity.inputsystem@1.4.4/InputSystem/InputManager.cs:694)
UnityEngine.InputSystem.InputManager:RegisterControlLayoutMatcher (string,UnityEngine.InputSystem.Layouts.InputDeviceMatcher) (at Library/PackageCache/com.unity.inputsystem@1.4.4/InputSystem/InputManager.cs:605)
UnityEngine.InputSystem.InputSystem:RegisterLayout (System.Type,string,System.Nullable`1<UnityEngine.InputSystem.Layouts.InputDeviceMatcher>) (at Library/PackageCache/com.unity.inputsystem@1.4.4/InputSystem/InputSystem.cs:242)
Wave.XR.ViveWaveWristTracker:Initialize () (at Library/PackageCache/com.htc.upm.wave.xrsdk@5.1.1-r.4/Runtime/ViveWaveWristTracker.cs:83)
Wave.XR.ViveWaveWristTracker:.cctor () (at Library/PackageCache/com.htc.upm.wave.xrsdk@5.1.1-r.4/Runtime/ViveWaveWristTracker.cs:75)
System.Runtime.CompilerServices.RuntimeHelpers:RunClassConstructor (System.RuntimeTypeHandle)
UnityEditor.EditorAssemblies:ProcessInitializeOnLoadAttributes (System.Type[])

(Filename: Library/PackageCache/com.htc.upm.wave.xrsdk@5.1.1-r.4/Runtime/ViveWaveWristTracker.cs Line: 59)

Wave.XR.ViveWaveWristTracker FinishSetup() deviceId: 0, IsLeft: True, interfaceName: Wrist Tracker, product: Wave Tracker1, serial: HTC-211012-Tracker1
UnityEngine.StackTraceUtility:ExtractStackTrace ()
UnityEngine.DebugLogHandler:LogFormat (UnityEngine.LogType,UnityEngine.Object,string,object[])
UnityEngine.Logger:Log (UnityEngine.LogType,object)
UnityEngine.Debug:Log (object)
Wave.XR.ViveWaveWristTracker:DEBUG (string) (at Library/PackageCache/com.htc.upm.wave.xrsdk@5.1.1-r.4/Runtime/ViveWaveWristTracker.cs:59)
Wave.XR.ViveWaveWristTracker:FinishSetup () (at Library/PackageCache/com.htc.upm.wave.xrsdk@5.1.1-r.4/Runtime/ViveWaveWristTracker.cs:133)
UnityEngine.InputSystem.InputControl:CallFinishSetupRecursive () (at Library/PackageCache/com.unity.inputsystem@1.4.4/InputSystem/Controls/InputControl.cs:937)
UnityEngine.InputSystem.Layouts.InputDeviceBuilder:Setup (UnityEngine.InputSystem.Utilities.InternedString,UnityEngine.InputSystem.Utilities.InternedString,UnityEngine.InputSystem.Layouts.InputDeviceDescription) (at Library/PackageCache/com.unity.inputsystem@1.4.4/InputSystem/Devices/InputDeviceBuilder.cs:60)
UnityEngine.InputSystem.InputDevice:Build<UnityEngine.InputSystem.InputDevice> (string,string,UnityEngine.InputSystem.Layouts.InputDeviceDescription,bool) (at Library/PackageCache/com.unity.inputsystem@1.4.4/InputSystem/Devices/InputDevice.cs:898)
UnityEngine.InputSystem.InputManager:AddDevice (UnityEngine.InputSystem.Utilities.InternedString,int,string,UnityEngine.InputSystem.Layouts.InputDeviceDescription,UnityEngine.InputSystem.InputDevice/DeviceFlags,UnityEngine.InputSystem.Utilities.InternedString) (at Library/PackageCache/com.unity.inputsystem@1.4.4/InputSystem/InputManager.cs:1062)
UnityEngine.InputSystem.InputManager:RestoreDeviceFromSavedState (UnityEngine.InputSystem.InputManager/DeviceState&,UnityEngine.InputSystem.Utilities.InternedString) (at Library/PackageCache/com.unity.inputsystem@1.4.4/InputSystem/InputManager.cs:3774)
UnityEngine.InputSystem.InputManager:AddAvailableDevicesMatchingDescription (UnityEngine.InputSystem.Layouts.InputDeviceMatcher,UnityEngine.InputSystem.Utilities.InternedString) (at Library/PackageCache/com.unity.inputsystem@1.4.4/InputSystem/InputManager.cs:694)
UnityEngine.InputSystem.InputManager:RegisterControlLayoutMatcher (string,UnityEngine.InputSystem.Layouts.InputDeviceMatcher) (at Library/PackageCache/com.unity.inputsystem@1.4.4/InputSystem/InputManager.cs:605)
UnityEngine.InputSystem.InputSystem:RegisterLayout (System.Type,string,System.Nullable`1<UnityEngine.InputSystem.Layouts.InputDeviceMatcher>) (at Library/PackageCache/com.unity.inputsystem@1.4.4/InputSystem/InputSystem.cs:242)
Wave.XR.ViveWaveWristTracker:Initialize () (at Library/PackageCache/com.htc.upm.wave.xrsdk@5.1.1-r.4/Runtime/ViveWaveWristTracker.cs:83)
Wave.XR.ViveWaveWristTracker:.cctor () (at Library/PackageCache/com.htc.upm.wave.xrsdk@5.1.1-r.4/Runtime/ViveWaveWristTracker.cs:75)
System.Runtime.CompilerServices.RuntimeHelpers:RunClassConstructor (System.RuntimeTypeHandle)
UnityEditor.EditorAssemblies:ProcessInitializeOnLoadAttributes (System.Type[])

(Filename: Library/PackageCache/com.htc.upm.wave.xrsdk@5.1.1-r.4/Runtime/ViveWaveWristTracker.cs Line: 59)

Wave.XR.ViveWaveWristTracker Initialize() Removes a ViveWaveWristTracker device.
UnityEngine.StackTraceUtility:ExtractStackTrace ()
UnityEngine.DebugLogHandler:LogFormat (UnityEngine.LogType,UnityEngine.Object,string,object[])
UnityEngine.Logger:Log (UnityEngine.LogType,object)
UnityEngine.Debug:Log (object)
Wave.XR.ViveWaveWristTracker:DEBUG (string) (at Library/PackageCache/com.htc.upm.wave.xrsdk@5.1.1-r.4/Runtime/ViveWaveWristTracker.cs:59)
Wave.XR.ViveWaveWristTracker:Initialize () (at Library/PackageCache/com.htc.upm.wave.xrsdk@5.1.1-r.4/Runtime/ViveWaveWristTracker.cs:92)
Wave.XR.ViveWaveWristTracker:.cctor () (at Library/PackageCache/com.htc.upm.wave.xrsdk@5.1.1-r.4/Runtime/ViveWaveWristTracker.cs:75)
System.Runtime.CompilerServices.RuntimeHelpers:RunClassConstructor (System.RuntimeTypeHandle)
UnityEditor.EditorAssemblies:ProcessInitializeOnLoadAttributes (System.Type[])

(Filename: Library/PackageCache/com.htc.upm.wave.xrsdk@5.1.1-r.4/Runtime/ViveWaveWristTracker.cs Line: 59)

Wave.XR.ViveWaveWristTracker Initialize() Removes a ViveWaveWristTracker device.
UnityEngine.StackTraceUtility:ExtractStackTrace ()
UnityEngine.DebugLogHandler:LogFormat (UnityEngine.LogType,UnityEngine.Object,string,object[])
UnityEngine.Logger:Log (UnityEngine.LogType,object)
UnityEngine.Debug:Log (object)
Wave.XR.ViveWaveWristTracker:DEBUG (string) (at Library/PackageCache/com.htc.upm.wave.xrsdk@5.1.1-r.4/Runtime/ViveWaveWristTracker.cs:59)
Wave.XR.ViveWaveWristTracker:Initialize () (at Library/PackageCache/com.htc.upm.wave.xrsdk@5.1.1-r.4/Runtime/ViveWaveWristTracker.cs:92)
Wave.XR.ViveWaveWristTracker:.cctor () (at Library/PackageCache/com.htc.upm.wave.xrsdk@5.1.1-r.4/Runtime/ViveWaveWristTracker.cs:75)
System.Runtime.CompilerServices.RuntimeHelpers:RunClassConstructor (System.RuntimeTypeHandle)
UnityEditor.EditorAssemblies:ProcessInitializeOnLoadAttributes (System.Type[])

(Filename: Library/PackageCache/com.htc.upm.wave.xrsdk@5.1.1-r.4/Runtime/ViveWaveWristTracker.cs Line: 59)

Wave.XR.ViveWaveWristTracker Initialize() Adds right ViveWaveWristTracker device Wave Tracker0
UnityEngine.StackTraceUtility:ExtractStackTrace ()
UnityEngine.DebugLogHandler:LogFormat (UnityEngine.LogType,UnityEngine.Object,string,object[])
UnityEngine.Logger:Log (UnityEngine.LogType,object)
UnityEngine.Debug:Log (object)
Wave.XR.ViveWaveWristTracker:DEBUG (string) (at Library/PackageCache/com.htc.upm.wave.xrsdk@5.1.1-r.4/Runtime/ViveWaveWristTracker.cs:59)
Wave.XR.ViveWaveWristTracker:Initialize () (at Library/PackageCache/com.htc.upm.wave.xrsdk@5.1.1-r.4/Runtime/ViveWaveWristTracker.cs:97)
Wave.XR.ViveWaveWristTracker:.cctor () (at Library/PackageCache/com.htc.upm.wave.xrsdk@5.1.1-r.4/Runtime/ViveWaveWristTracker.cs:75)
System.Runtime.CompilerServices.RuntimeHelpers:RunClassConstructor (System.RuntimeTypeHandle)
UnityEditor.EditorAssemblies:ProcessInitializeOnLoadAttributes (System.Type[])

(Filename: Library/PackageCache/com.htc.upm.wave.xrsdk@5.1.1-r.4/Runtime/ViveWaveWristTracker.cs Line: 59)

Wave.XR.ViveWaveWristTracker FinishSetup() deviceId: 0, IsLeft: False, interfaceName: Wrist Tracker, product: Wave Tracker0, serial: HTC-211012-Tracker0
UnityEngine.StackTraceUtility:ExtractStackTrace ()
UnityEngine.DebugLogHandler:LogFormat (UnityEngine.LogType,UnityEngine.Object,string,object[])
UnityEngine.Logger:Log (UnityEngine.LogType,object)
UnityEngine.Debug:Log (object)
Wave.XR.ViveWaveWristTracker:DEBUG (string) (at Library/PackageCache/com.htc.upm.wave.xrsdk@5.1.1-r.4/Runtime/ViveWaveWristTracker.cs:59)
Wave.XR.ViveWaveWristTracker:FinishSetup () (at Library/PackageCache/com.htc.upm.wave.xrsdk@5.1.1-r.4/Runtime/ViveWaveWristTracker.cs:133)
UnityEngine.InputSystem.InputControl:CallFinishSetupRecursive () (at Library/PackageCache/com.unity.inputsystem@1.4.4/InputSystem/Controls/InputControl.cs:937)
UnityEngine.InputSystem.Layouts.InputDeviceBuilder:Setup (UnityEngine.InputSystem.Utilities.InternedString,UnityEngine.InputSystem.Utilities.InternedString,UnityEngine.InputSystem.Layouts.InputDeviceDescription) (at Library/PackageCache/com.unity.inputsystem@1.4.4/InputSystem/Devices/InputDeviceBuilder.cs:60)
UnityEngine.InputSystem.InputDevice:Build<UnityEngine.InputSystem.InputDevice> (string,string,UnityEngine.InputSystem.Layouts.InputDeviceDescription,bool) (at Library/PackageCache/com.unity.inputsystem@1.4.4/InputSystem/Devices/InputDevice.cs:898)
UnityEngine.InputSystem.InputManager:AddDevice (UnityEngine.InputSystem.Utilities.InternedString,int,string,UnityEngine.InputSystem.Layouts.InputDeviceDescription,UnityEngine.InputSystem.InputDevice/DeviceFlags,UnityEngine.InputSystem.Utilities.InternedString) (at Library/PackageCache/com.unity.inputsystem@1.4.4/InputSystem/InputManager.cs:1062)
UnityEngine.InputSystem.InputManager:AddDevice (UnityEngine.InputSystem.Layouts.InputDeviceDescription,bool,string,int,UnityEngine.InputSystem.InputDevice/DeviceFlags) (at Library/PackageCache/com.unity.inputsystem@1.4.4/InputSystem/InputManager.cs:1220)
UnityEngine.InputSystem.InputManager:AddDevice (UnityEngine.InputSystem.Layouts.InputDeviceDescription) (at Library/PackageCache/com.unity.inputsystem@1.4.4/InputSystem/InputManager.cs:1193)
UnityEngine.InputSystem.InputSystem:AddDevice (UnityEngine.InputSystem.Layouts.InputDeviceDescription) (at Library/PackageCache/com.unity.inputsystem@1.4.4/InputSystem/InputSystem.cs:1491)
Wave.XR.ViveWaveWristTracker:Initialize () (at Library/PackageCache/com.htc.upm.wave.xrsdk@5.1.1-r.4/Runtime/ViveWaveWristTracker.cs:98)
Wave.XR.ViveWaveWristTracker:.cctor () (at Library/PackageCache/com.htc.upm.wave.xrsdk@5.1.1-r.4/Runtime/ViveWaveWristTracker.cs:75)
System.Runtime.CompilerServices.RuntimeHelpers:RunClassConstructor (System.RuntimeTypeHandle)
UnityEditor.EditorAssemblies:ProcessInitializeOnLoadAttributes (System.Type[])

(Filename: Library/PackageCache/com.htc.upm.wave.xrsdk@5.1.1-r.4/Runtime/ViveWaveWristTracker.cs Line: 59)

Wave.XR.ViveWaveWristTracker Initialize() Adds left ViveWaveWristTracker device Wave Tracker1
UnityEngine.StackTraceUtility:ExtractStackTrace ()
UnityEngine.DebugLogHandler:LogFormat (UnityEngine.LogType,UnityEngine.Object,string,object[])
UnityEngine.Logger:Log (UnityEngine.LogType,object)
UnityEngine.Debug:Log (object)
Wave.XR.ViveWaveWristTracker:DEBUG (string) (at Library/PackageCache/com.htc.upm.wave.xrsdk@5.1.1-r.4/Runtime/ViveWaveWristTracker.cs:59)
Wave.XR.ViveWaveWristTracker:Initialize () (at Library/PackageCache/com.htc.upm.wave.xrsdk@5.1.1-r.4/Runtime/ViveWaveWristTracker.cs:101)
Wave.XR.ViveWaveWristTracker:.cctor () (at Library/PackageCache/com.htc.upm.wave.xrsdk@5.1.1-r.4/Runtime/ViveWaveWristTracker.cs:75)
System.Runtime.CompilerServices.RuntimeHelpers:RunClassConstructor (System.RuntimeTypeHandle)
UnityEditor.EditorAssemblies:ProcessInitializeOnLoadAttributes (System.Type[])

(Filename: Library/PackageCache/com.htc.upm.wave.xrsdk@5.1.1-r.4/Runtime/ViveWaveWristTracker.cs Line: 59)

Wave.XR.ViveWaveWristTracker FinishSetup() deviceId: 0, IsLeft: True, interfaceName: Wrist Tracker, product: Wave Tracker1, serial: HTC-211012-Tracker1
UnityEngine.StackTraceUtility:ExtractStackTrace ()
UnityEngine.DebugLogHandler:LogFormat (UnityEngine.LogType,UnityEngine.Object,string,object[])
UnityEngine.Logger:Log (UnityEngine.LogType,object)
UnityEngine.Debug:Log (object)
Wave.XR.ViveWaveWristTracker:DEBUG (string) (at Library/PackageCache/com.htc.upm.wave.xrsdk@5.1.1-r.4/Runtime/ViveWaveWristTracker.cs:59)
Wave.XR.ViveWaveWristTracker:FinishSetup () (at Library/PackageCache/com.htc.upm.wave.xrsdk@5.1.1-r.4/Runtime/ViveWaveWristTracker.cs:133)
UnityEngine.InputSystem.InputControl:CallFinishSetupRecursive () (at Library/PackageCache/com.unity.inputsystem@1.4.4/InputSystem/Controls/InputControl.cs:937)
UnityEngine.InputSystem.Layouts.InputDeviceBuilder:Setup (UnityEngine.InputSystem.Utilities.InternedString,UnityEngine.InputSystem.Utilities.InternedString,UnityEngine.InputSystem.Layouts.InputDeviceDescription) (at Library/PackageCache/com.unity.inputsystem@1.4.4/InputSystem/Devices/InputDeviceBuilder.cs:60)
UnityEngine.InputSystem.InputDevice:Build<UnityEngine.InputSystem.InputDevice> (string,string,UnityEngine.InputSystem.Layouts.InputDeviceDescription,bool) (at Library/PackageCache/com.unity.inputsystem@1.4.4/InputSystem/Devices/InputDevice.cs:898)
UnityEngine.InputSystem.InputManager:AddDevice (UnityEngine.InputSystem.Utilities.InternedString,int,string,UnityEngine.InputSystem.Layouts.InputDeviceDescription,UnityEngine.InputSystem.InputDevice/DeviceFlags,UnityEngine.InputSystem.Utilities.InternedString) (at Library/PackageCache/com.unity.inputsystem@1.4.4/InputSystem/InputManager.cs:1062)
UnityEngine.InputSystem.InputManager:AddDevice (UnityEngine.InputSystem.Layouts.InputDeviceDescription,bool,string,int,UnityEngine.InputSystem.InputDevice/DeviceFlags) (at Library/PackageCache/com.unity.inputsystem@1.4.4/InputSystem/InputManager.cs:1220)
UnityEngine.InputSystem.InputManager:AddDevice (UnityEngine.InputSystem.Layouts.InputDeviceDescription) (at Library/PackageCache/com.unity.inputsystem@1.4.4/InputSystem/InputManager.cs:1193)
UnityEngine.InputSystem.InputSystem:AddDevice (UnityEngine.InputSystem.Layouts.InputDeviceDescription) (at Library/PackageCache/com.unity.inputsystem@1.4.4/InputSystem/InputSystem.cs:1491)
Wave.XR.ViveWaveWristTracker:Initialize () (at Library/PackageCache/com.htc.upm.wave.xrsdk@5.1.1-r.4/Runtime/ViveWaveWristTracker.cs:102)
Wave.XR.ViveWaveWristTracker:.cctor () (at Library/PackageCache/com.htc.upm.wave.xrsdk@5.1.1-r.4/Runtime/ViveWaveWristTracker.cs:75)
System.Runtime.CompilerServices.RuntimeHelpers:RunClassConstructor (System.RuntimeTypeHandle)
UnityEditor.EditorAssemblies:ProcessInitializeOnLoadAttributes (System.Type[])

(Filename: Library/PackageCache/com.htc.upm.wave.xrsdk@5.1.1-r.4/Runtime/ViveWaveWristTracker.cs Line: 59)

InteractionModeManagerSettings() registered EditorSceneManager.sceneOpened.
UnityEngine.StackTraceUtility:ExtractStackTrace ()
UnityEngine.DebugLogHandler:LogFormat (UnityEngine.LogType,UnityEngine.Object,string,object[])
UnityEngine.Logger:Log (UnityEngine.LogType,object)
UnityEngine.Debug:Log (object)
Wave.Essence.Interaction.Mode.Editor.InteractionModeManagerSettings:.cctor () (at Assets/Wave/Essence/Interaction/Mode/5.1.1-r.4/Editor/InteractionModeManagerEditor.cs:57)
System.Runtime.CompilerServices.RuntimeHelpers:RunClassConstructor (System.RuntimeTypeHandle)
UnityEditor.EditorAssemblies:ProcessInitializeOnLoadAttributes (System.Type[])

(Filename: Assets/Wave/Essence/Interaction/Mode/5.1.1-r.4/Editor/InteractionModeManagerEditor.cs Line: 57)

PackageInfo()
UnityEngine.StackTraceUtility:ExtractStackTrace ()
UnityEngine.DebugLogHandler:LogFormat (UnityEngine.LogType,UnityEngine.Object,string,object[])
UnityEngine.Logger:Log (UnityEngine.LogType,object)
UnityEngine.Debug:Log (object)
Wave.Essence.Editor.PackageInfo:.cctor () (at Library/PackageCache/com.htc.upm.wave.essence@5.1.1-r.4/Editor/EssenceSettingsProvider.cs:866)
System.Runtime.CompilerServices.RuntimeHelpers:RunClassConstructor (System.RuntimeTypeHandle)
UnityEditor.EditorAssemblies:ProcessInitializeOnLoadAttributes (System.Type[])

(Filename: Library/PackageCache/com.htc.upm.wave.essence@5.1.1-r.4/Editor/EssenceSettingsProvider.cs Line: 866)

Mono: successfully reloaded assembly
- Completed reload, in  0.753 seconds
Domain Reload Profiling:
	ReloadAssembly (754ms)
		BeginReloadAssembly (98ms)
			ExecutionOrderSort (0ms)
			DisableScriptedObjects (3ms)
			BackupInstance (0ms)
			ReleaseScriptingObjects (0ms)
			CreateAndSetChildDomain (37ms)
		EndReloadAssembly (597ms)
			LoadAssemblies (60ms)
			RebuildTransferFunctionScriptingTraits (0ms)
			SetupTypeCache (192ms)
			ReleaseScriptCaches (1ms)
			RebuildScriptCaches (26ms)
			SetupLoadedEditorAssemblies (281ms)
				LogAssemblyErrors (0ms)
				InitializePlatformSupportModulesInManaged (12ms)
				SetLoadedEditorAssemblies (0ms)
				RefreshPlugins (1ms)
				BeforeProcessingInitializeOnLoad (41ms)
				ProcessInitializeOnLoadAttributes (209ms)
				ProcessInitializeOnLoadMethodAttributes (17ms)
				AfterProcessingInitializeOnLoad (1ms)
				EditorAssembliesLoaded (0ms)
			ExecutionOrderSort2 (0ms)
			AwakeInstancesAfterBackupRestoration (4ms)
Platform modules already initialized, skipping
Refreshing native plugins compatible for Editor in 3.32 ms, found 21 plugins.
Preloading 0 native plugins for Editor in 0.00 ms.
Unloading 4422 Unused Serialized files (Serialized files now loaded: 0)
Unloading 49 unused Assets / (24.7 KB). Loaded Objects now: 4983.
Memory consumption went from 254.9 MB to 254.9 MB.
Total: 3.043200 ms (FindLiveObjects: 0.411400 ms CreateObjectMapping: 0.170800 ms MarkObjects: 2.435200 ms  DeleteObjects: 0.024600 ms)

AssetImportParameters requested are different than current active one (requested -> active):
  custom:video-decoder-ogg-theora: a1e56fd34408186e4bbccfd4996cb3dc -> 
  custom:container-muxer-webm: aa71ff27fc2769a1b78a27578f13a17b -> 
  custom:container-demuxer-webm: 4f35f7cbe854078d1ac9338744f61a02 -> 
  custom:video-encoder-webm-vp8: eb34c28f22e8b96e1ab97ce403110664 -> 
  custom:audio-encoder-webm-vorbis: bf7c407c2cedff20999df2af8eb42d56 -> 
  custom:framework-win-MediaFoundation: 216162199b28c13a410421893ffa2e32 -> 
  custom:container-demuxer-ogg: 62fdf1f143b41e24485cea50d1cbac27 -> 
  custom:video-decoder-webm-vp8: 9c59270c3fd7afecdb556c50c9e8de78 -> 
  custom:audio-decoder-ogg-vorbis: bf7c407c2cedff20999df2af8eb42d56 -> 
